[ 2017-04-03T11:28:54+08:00 ] ::1 ::1 GET /project/infocollection/
[ log ] localhost/project/infocollection/ [运行时间：1.498402s][吞吐率：0.67req/s] [内存消耗：2,302.63kb] [文件加载：46]
[ info ] [ LANG ] D:\wamp64\www\project\infocollection\thinkphp\lang\zh-cn.php
[ info ] [ ROUTE ] array (
  'type' => 'module',
  'module' => 
  array (
    0 => '',
    1 => NULL,
    2 => NULL,
  ),
)
[ info ] [ HEADER ] array (
  'host' => 'localhost',
  'connection' => 'keep-alive',
  'upgrade-insecure-requests' => '1',
  'user-agent' => 'Mozilla/5.0 (Windows NT 10.0; Win64; x64) AppleWebKit/537.36 (KHTML, like Gecko) Chrome/56.0.2924.87 Safari/537.36',
  'accept' => 'text/html,application/xhtml+xml,application/xml;q=0.9,image/webp,*/*;q=0.8',
  'accept-encoding' => 'gzip, deflate, sdch, br',
  'accept-language' => 'zh-CN,zh;q=0.8',
  'cookie' => 'Phpstorm-5547fa09=783ade7a-de49-4ae0-b7a2-0e4ea33c1bea; Phpstorm-bd2926e8=857be1c2-e28b-476d-b13e-3a6d848fae47; pgv_pvi=2761342976; _ga=GA1.1.1437015703.1490101787',
)
[ info ] [ PARAM ] array (
)
[ info ] [ RUN ] app\index\controller\Index->index[ D:\wamp64\www\project\infocollection\application\index\controller\Index.php ]
[ info ] [ VIEW ] D:\wamp64\www\project\infocollection/application/index\view\Login\index.html [ array (
) ]
[ info ] [ LOG ] INIT File

---------------------------------------------------------------
[ 2017-04-03T11:28:58+08:00 ] ::1 ::1 POST /project/infocollection/index/login/adminlogin.html
[ log ] localhost/project/infocollection/index/login/adminlogin.html [运行时间：0.397171s][吞吐率：2.52req/s] [内存消耗：3,614.40kb] [文件加载：56]
[ info ] [ LANG ] D:\wamp64\www\project\infocollection\thinkphp\lang\zh-cn.php
[ info ] [ ROUTE ] array (
  'type' => 'module',
  'module' => 
  array (
    0 => 'index',
    1 => 'login',
    2 => 'adminlogin',
  ),
)
[ info ] [ HEADER ] array (
  'host' => 'localhost',
  'connection' => 'keep-alive',
  'content-length' => '30',
  'cache-control' => 'max-age=0',
  'origin' => 'http://localhost',
  'upgrade-insecure-requests' => '1',
  'user-agent' => 'Mozilla/5.0 (Windows NT 10.0; Win64; x64) AppleWebKit/537.36 (KHTML, like Gecko) Chrome/56.0.2924.87 Safari/537.36',
  'content-type' => 'application/x-www-form-urlencoded',
  'accept' => 'text/html,application/xhtml+xml,application/xml;q=0.9,image/webp,*/*;q=0.8',
  'referer' => 'http://localhost/project/infocollection/',
  'accept-encoding' => 'gzip, deflate, br',
  'accept-language' => 'zh-CN,zh;q=0.8',
  'cookie' => 'Phpstorm-5547fa09=783ade7a-de49-4ae0-b7a2-0e4ea33c1bea; Phpstorm-bd2926e8=857be1c2-e28b-476d-b13e-3a6d848fae47; pgv_pvi=2761342976; _ga=GA1.1.1437015703.1490101787',
)
[ info ] [ PARAM ] array (
  'adminname' => 'root',
  'password' => '123456',
)
[ info ] [ RUN ] app\index\controller\Login->adminLogin[ D:\wamp64\www\project\infocollection\application\index\controller\Login.php ]
[ info ] [ DB ] INIT mysql
[ info ] [ VIEW ] D:\wamp64\www\project\infocollection\thinkphp\tpl\dispatch_jump.tpl [ array (
  0 => 'code',
  1 => 'msg',
  2 => 'data',
  3 => 'url',
  4 => 'wait',
) ]
[ info ] [ LOG ] INIT File
[ sql ] [ DB ] CONNECT:[ UseTime:0.002218s ] mysql:dbname=infocollection;host=localhost;port=3306;charset=utf8
[ sql ] [ SQL ] SHOW COLUMNS FROM `admin` [ RunTime:0.017579s ]
[ sql ] [ SQL ] SELECT * FROM `admin` WHERE  `adminname` = 'root' LIMIT 1 [ RunTime:0.000521s ]

---------------------------------------------------------------
[ 2017-04-03T11:29:00+08:00 ] ::1 ::1 GET /project/infocollection/index/admin/index.html
[ log ] localhost/project/infocollection/index/admin/index.html [运行时间：0.148346s][吞吐率：6.74req/s] [内存消耗：3,118.97kb] [文件加载：51]
[ info ] [ LANG ] D:\wamp64\www\project\infocollection\thinkphp\lang\zh-cn.php
[ info ] [ ROUTE ] array (
  'type' => 'module',
  'module' => 
  array (
    0 => 'index',
    1 => 'admin',
    2 => 'index',
  ),
)
[ info ] [ HEADER ] array (
  'host' => 'localhost',
  'connection' => 'keep-alive',
  'upgrade-insecure-requests' => '1',
  'user-agent' => 'Mozilla/5.0 (Windows NT 10.0; Win64; x64) AppleWebKit/537.36 (KHTML, like Gecko) Chrome/56.0.2924.87 Safari/537.36',
  'accept' => 'text/html,application/xhtml+xml,application/xml;q=0.9,image/webp,*/*;q=0.8',
  'referer' => 'http://localhost/project/infocollection/index/login/adminlogin.html',
  'accept-encoding' => 'gzip, deflate, sdch, br',
  'accept-language' => 'zh-CN,zh;q=0.8',
  'cookie' => 'Phpstorm-5547fa09=783ade7a-de49-4ae0-b7a2-0e4ea33c1bea; Phpstorm-bd2926e8=857be1c2-e28b-476d-b13e-3a6d848fae47; pgv_pvi=2761342976; _ga=GA1.1.1437015703.1490101787; adminname=root; adminid=1; superadmin=root',
)
[ info ] [ PARAM ] array (
)
[ info ] [ RUN ] app\index\controller\Admin->index[ D:\wamp64\www\project\infocollection\application\index\controller\Admin.php ]
[ info ] [ DB ] INIT mysql
[ info ] [ VIEW ] D:\wamp64\www\project\infocollection/application/index\view\admin\index.html [ array (
) ]
[ info ] [ LOG ] INIT File
[ sql ] [ DB ] CONNECT:[ UseTime:0.001808s ] mysql:dbname=infocollection;host=localhost;port=3306;charset=utf8
[ sql ] [ SQL ] SHOW COLUMNS FROM `task` [ RunTime:0.001834s ]
[ sql ] [ SQL ] SELECT * FROM `task` [ RunTime:0.000917s ]

---------------------------------------------------------------
[ 2017-04-03T11:29:31+08:00 ] ::1 ::1 GET /project/infocollection/index/releasetask/
[ log ] localhost/project/infocollection/index/releasetask/ [运行时间：0.031695s][吞吐率：31.55req/s] [内存消耗：2,315.02kb] [文件加载：46]
[ info ] [ LANG ] D:\wamp64\www\project\infocollection\thinkphp\lang\zh-cn.php
[ info ] [ ROUTE ] array (
  'type' => 'module',
  'module' => 
  array (
    0 => 'index',
    1 => 'releasetask',
    2 => NULL,
  ),
)
[ info ] [ HEADER ] array (
  'host' => 'localhost',
  'connection' => 'keep-alive',
  'upgrade-insecure-requests' => '1',
  'user-agent' => 'Mozilla/5.0 (Windows NT 10.0; Win64; x64) AppleWebKit/537.36 (KHTML, like Gecko) Chrome/56.0.2924.87 Safari/537.36',
  'accept' => 'text/html,application/xhtml+xml,application/xml;q=0.9,image/webp,*/*;q=0.8',
  'accept-encoding' => 'gzip, deflate, sdch, br',
  'accept-language' => 'zh-CN,zh;q=0.8',
  'cookie' => 'Phpstorm-5547fa09=783ade7a-de49-4ae0-b7a2-0e4ea33c1bea; Phpstorm-bd2926e8=857be1c2-e28b-476d-b13e-3a6d848fae47; pgv_pvi=2761342976; _ga=GA1.1.1437015703.1490101787; adminname=root; adminid=1; superadmin=root',
)
[ info ] [ PARAM ] array (
)
[ info ] [ RUN ] app\index\controller\Releasetask->index[ D:\wamp64\www\project\infocollection\application\index\controller\Releasetask.php ]
[ info ] [ VIEW ] D:\wamp64\www\project\infocollection/application/index\view\releasetask\index.html [ array (
) ]
[ info ] [ LOG ] INIT File

---------------------------------------------------------------
[ 2017-04-03T11:30:52+08:00 ] ::1 ::1 GET /project/infocollection/index/releasetask/
[ log ] localhost/project/infocollection/index/releasetask/ [运行时间：0.334682s][吞吐率：2.99req/s] [内存消耗：2,504.31kb] [文件加载：48]
[ info ] [ LANG ] D:\wamp64\www\project\infocollection\thinkphp\lang\zh-cn.php
[ info ] [ ROUTE ] array (
  'type' => 'module',
  'module' => 
  array (
    0 => 'index',
    1 => 'releasetask',
    2 => NULL,
  ),
)
[ info ] [ HEADER ] array (
  'host' => 'localhost',
  'connection' => 'keep-alive',
  'cache-control' => 'max-age=0',
  'upgrade-insecure-requests' => '1',
  'user-agent' => 'Mozilla/5.0 (Windows NT 10.0; Win64; x64) AppleWebKit/537.36 (KHTML, like Gecko) Chrome/56.0.2924.87 Safari/537.36',
  'accept' => 'text/html,application/xhtml+xml,application/xml;q=0.9,image/webp,*/*;q=0.8',
  'accept-encoding' => 'gzip, deflate, sdch, br',
  'accept-language' => 'zh-CN,zh;q=0.8',
  'cookie' => 'Phpstorm-5547fa09=783ade7a-de49-4ae0-b7a2-0e4ea33c1bea; Phpstorm-bd2926e8=857be1c2-e28b-476d-b13e-3a6d848fae47; pgv_pvi=2761342976; _ga=GA1.1.1437015703.1490101787; adminname=root; adminid=1; superadmin=root',
)
[ info ] [ PARAM ] array (
)
[ info ] [ RUN ] app\index\controller\Releasetask->index[ D:\wamp64\www\project\infocollection\application\index\controller\Releasetask.php ]
[ info ] [ VIEW ] D:\wamp64\www\project\infocollection/application/index\view\releasetask\index.html [ array (
) ]
[ info ] [ LOG ] INIT File

---------------------------------------------------------------
[ 2017-04-03T11:30:56+08:00 ] ::1 ::1 GET /project/infocollection/index/releasetask/table.html
[ log ] localhost/project/infocollection/index/releasetask/table.html [运行时间：0.051438s][吞吐率：19.44req/s] [内存消耗：2,504.49kb] [文件加载：48]
[ info ] [ LANG ] D:\wamp64\www\project\infocollection\thinkphp\lang\zh-cn.php
[ info ] [ ROUTE ] array (
  'type' => 'module',
  'module' => 
  array (
    0 => 'index',
    1 => 'releasetask',
    2 => 'table',
  ),
)
[ info ] [ HEADER ] array (
  'host' => 'localhost',
  'connection' => 'keep-alive',
  'upgrade-insecure-requests' => '1',
  'user-agent' => 'Mozilla/5.0 (Windows NT 10.0; Win64; x64) AppleWebKit/537.36 (KHTML, like Gecko) Chrome/56.0.2924.87 Safari/537.36',
  'accept' => 'text/html,application/xhtml+xml,application/xml;q=0.9,image/webp,*/*;q=0.8',
  'referer' => 'http://localhost/project/infocollection/index/releasetask/',
  'accept-encoding' => 'gzip, deflate, sdch, br',
  'accept-language' => 'zh-CN,zh;q=0.8',
  'cookie' => 'Phpstorm-5547fa09=783ade7a-de49-4ae0-b7a2-0e4ea33c1bea; Phpstorm-bd2926e8=857be1c2-e28b-476d-b13e-3a6d848fae47; pgv_pvi=2761342976; _ga=GA1.1.1437015703.1490101787; adminname=root; adminid=1; superadmin=root',
)
[ info ] [ PARAM ] array (
)
[ info ] [ RUN ] app\index\controller\Releasetask->table[ D:\wamp64\www\project\infocollection\application\index\controller\Releasetask.php ]
[ info ] [ VIEW ] D:\wamp64\www\project\infocollection/application/index\view\releasetask\table.html [ array (
) ]
[ info ] [ LOG ] INIT File

---------------------------------------------------------------
[ 2017-04-03T12:15:19+08:00 ] ::1 ::1 GET /project/infocollection/index/releasetask/index.html
[ log ] localhost/project/infocollection/index/releasetask/index.html [运行时间：0.039676s][吞吐率：25.20req/s] [内存消耗：2,315.72kb] [文件加载：46]
[ info ] [ LANG ] D:\wamp64\www\project\infocollection\thinkphp\lang\zh-cn.php
[ info ] [ ROUTE ] array (
  'type' => 'module',
  'module' => 
  array (
    0 => 'index',
    1 => 'releasetask',
    2 => 'index',
  ),
)
[ info ] [ HEADER ] array (
  'host' => 'localhost',
  'connection' => 'keep-alive',
  'upgrade-insecure-requests' => '1',
  'user-agent' => 'Mozilla/5.0 (Windows NT 10.0; Win64; x64) AppleWebKit/537.36 (KHTML, like Gecko) Chrome/56.0.2924.87 Safari/537.36',
  'accept' => 'text/html,application/xhtml+xml,application/xml;q=0.9,image/webp,*/*;q=0.8',
  'referer' => 'http://localhost/project/infocollection/index/releasetask/table.html',
  'accept-encoding' => 'gzip, deflate, sdch, br',
  'accept-language' => 'zh-CN,zh;q=0.8',
  'cookie' => 'Phpstorm-5547fa09=783ade7a-de49-4ae0-b7a2-0e4ea33c1bea; Phpstorm-bd2926e8=857be1c2-e28b-476d-b13e-3a6d848fae47; pgv_pvi=2761342976; _ga=GA1.1.1437015703.1490101787; adminname=root; adminid=1; superadmin=root',
)
[ info ] [ PARAM ] array (
)
[ info ] [ RUN ] app\index\controller\Releasetask->index[ D:\wamp64\www\project\infocollection\application\index\controller\Releasetask.php ]
[ info ] [ VIEW ] D:\wamp64\www\project\infocollection/application/index\view\releasetask\index.html [ array (
) ]
[ info ] [ LOG ] INIT File

---------------------------------------------------------------
[ 2017-04-03T12:15:20+08:00 ] ::1 ::1 GET /project/infocollection/index/releasetask/table.html
[ log ] localhost/project/infocollection/index/releasetask/table.html [运行时间：0.030785s][吞吐率：32.48req/s] [内存消耗：2,315.72kb] [文件加载：46]
[ info ] [ LANG ] D:\wamp64\www\project\infocollection\thinkphp\lang\zh-cn.php
[ info ] [ ROUTE ] array (
  'type' => 'module',
  'module' => 
  array (
    0 => 'index',
    1 => 'releasetask',
    2 => 'table',
  ),
)
[ info ] [ HEADER ] array (
  'host' => 'localhost',
  'connection' => 'keep-alive',
  'upgrade-insecure-requests' => '1',
  'user-agent' => 'Mozilla/5.0 (Windows NT 10.0; Win64; x64) AppleWebKit/537.36 (KHTML, like Gecko) Chrome/56.0.2924.87 Safari/537.36',
  'accept' => 'text/html,application/xhtml+xml,application/xml;q=0.9,image/webp,*/*;q=0.8',
  'referer' => 'http://localhost/project/infocollection/index/releasetask/index.html',
  'accept-encoding' => 'gzip, deflate, sdch, br',
  'accept-language' => 'zh-CN,zh;q=0.8',
  'cookie' => 'Phpstorm-5547fa09=783ade7a-de49-4ae0-b7a2-0e4ea33c1bea; Phpstorm-bd2926e8=857be1c2-e28b-476d-b13e-3a6d848fae47; pgv_pvi=2761342976; _ga=GA1.1.1437015703.1490101787; adminname=root; adminid=1; superadmin=root',
)
[ info ] [ PARAM ] array (
)
[ info ] [ RUN ] app\index\controller\Releasetask->table[ D:\wamp64\www\project\infocollection\application\index\controller\Releasetask.php ]
[ info ] [ VIEW ] D:\wamp64\www\project\infocollection/application/index\view\releasetask\table.html [ array (
) ]
[ info ] [ LOG ] INIT File

---------------------------------------------------------------
