[ 2017-04-07T10:07:52+08:00 ] ::1 ::1 GET /project/infocollection/
[ log ] localhost/project/infocollection/ [运行时间：0.823997s][吞吐率：1.21req/s] [内存消耗：2,327.94kb] [文件加载：46]
[ info ] [ LANG ] D:\wamp64\www\project\infocollection\thinkphp\lang\zh-cn.php
[ info ] [ ROUTE ] array (
  'type' => 'module',
  'module' => 
  array (
    0 => '',
    1 => NULL,
    2 => NULL,
  ),
)
[ info ] [ HEADER ] array (
  'host' => 'localhost',
  'connection' => 'keep-alive',
  'upgrade-insecure-requests' => '1',
  'user-agent' => 'Mozilla/5.0 (Windows NT 10.0; Win64; x64) AppleWebKit/537.36 (KHTML, like Gecko) Chrome/57.0.2987.133 Safari/537.36',
  'accept' => 'text/html,application/xhtml+xml,application/xml;q=0.9,image/webp,*/*;q=0.8',
  'accept-encoding' => 'gzip, deflate, sdch, br',
  'accept-language' => 'zh-CN,zh;q=0.8',
  'cookie' => 'Phpstorm-5547fa09=783ade7a-de49-4ae0-b7a2-0e4ea33c1bea; Phpstorm-bd2926e8=857be1c2-e28b-476d-b13e-3a6d848fae47; pgv_pvi=2761342976; _ga=GA1.1.1437015703.1490101787',
)
[ info ] [ PARAM ] array (
)
[ info ] [ RUN ] app\index\controller\Index->index[ D:\wamp64\www\project\infocollection\application\index\controller\Index.php ]
[ info ] [ VIEW ] D:\wamp64\www\project\infocollection/application/index\view\Login\index.html [ array (
) ]
[ info ] [ LOG ] INIT File

---------------------------------------------------------------
[ 2017-04-07T10:08:06+08:00 ] ::1 ::1 POST /project/infocollection/index/login/schoollogin.html
[ log ] localhost/project/infocollection/index/login/schoollogin.html [运行时间：0.438786s][吞吐率：2.28req/s] [内存消耗：3,620.45kb] [文件加载：56]
[ info ] [ LANG ] D:\wamp64\www\project\infocollection\thinkphp\lang\zh-cn.php
[ info ] [ ROUTE ] array (
  'type' => 'module',
  'module' => 
  array (
    0 => 'index',
    1 => 'login',
    2 => 'schoollogin',
  ),
)
[ info ] [ HEADER ] array (
  'host' => 'localhost',
  'connection' => 'keep-alive',
  'content-length' => '81',
  'cache-control' => 'max-age=0',
  'origin' => 'http://localhost',
  'upgrade-insecure-requests' => '1',
  'user-agent' => 'Mozilla/5.0 (Windows NT 10.0; Win64; x64) AppleWebKit/537.36 (KHTML, like Gecko) Chrome/57.0.2987.133 Safari/537.36',
  'content-type' => 'application/x-www-form-urlencoded',
  'accept' => 'text/html,application/xhtml+xml,application/xml;q=0.9,image/webp,*/*;q=0.8',
  'referer' => 'http://localhost/project/infocollection/',
  'accept-encoding' => 'gzip, deflate, br',
  'accept-language' => 'zh-CN,zh;q=0.8',
  'cookie' => 'Phpstorm-5547fa09=783ade7a-de49-4ae0-b7a2-0e4ea33c1bea; Phpstorm-bd2926e8=857be1c2-e28b-476d-b13e-3a6d848fae47; pgv_pvi=2761342976; _ga=GA1.1.1437015703.1490101787',
)
[ info ] [ PARAM ] array (
  'schoolname' => '信息工程学院',
  'password' => '123456',
)
[ info ] [ RUN ] app\index\controller\Login->schoolLogin[ D:\wamp64\www\project\infocollection\application\index\controller\Login.php ]
[ info ] [ DB ] INIT mysql
[ info ] [ VIEW ] D:\wamp64\www\project\infocollection\thinkphp\tpl\dispatch_jump.tpl [ array (
  0 => 'code',
  1 => 'msg',
  2 => 'data',
  3 => 'url',
  4 => 'wait',
) ]
[ info ] [ LOG ] INIT File
[ sql ] [ DB ] CONNECT:[ UseTime:0.013345s ] mysql:dbname=infocollection;host=localhost;port=3306;charset=utf8
[ sql ] [ SQL ] SHOW COLUMNS FROM `school` [ RunTime:0.063114s ]
[ sql ] [ SQL ] SELECT * FROM `school` WHERE  `schoolname` = '信息工程学院' LIMIT 1 [ RunTime:0.001850s ]

---------------------------------------------------------------
[ 2017-04-07T10:08:08+08:00 ] ::1 ::1 GET /project/infocollection/index/index/index.html
[ log ] localhost/project/infocollection/index/index/index.html [运行时间：0.309160s][吞吐率：3.23req/s] [内存消耗：3,750.77kb] [文件加载：58]
[ info ] [ LANG ] D:\wamp64\www\project\infocollection\thinkphp\lang\zh-cn.php
[ info ] [ ROUTE ] array (
  'type' => 'module',
  'module' => 
  array (
    0 => 'index',
    1 => 'index',
    2 => 'index',
  ),
)
[ info ] [ HEADER ] array (
  'host' => 'localhost',
  'connection' => 'keep-alive',
  'upgrade-insecure-requests' => '1',
  'user-agent' => 'Mozilla/5.0 (Windows NT 10.0; Win64; x64) AppleWebKit/537.36 (KHTML, like Gecko) Chrome/57.0.2987.133 Safari/537.36',
  'accept' => 'text/html,application/xhtml+xml,application/xml;q=0.9,image/webp,*/*;q=0.8',
  'referer' => 'http://localhost/project/infocollection/index/login/schoollogin.html',
  'accept-encoding' => 'gzip, deflate, sdch, br',
  'accept-language' => 'zh-CN,zh;q=0.8',
  'cookie' => 'Phpstorm-5547fa09=783ade7a-de49-4ae0-b7a2-0e4ea33c1bea; Phpstorm-bd2926e8=857be1c2-e28b-476d-b13e-3a6d848fae47; pgv_pvi=2761342976; _ga=GA1.1.1437015703.1490101787; schoolname=%E4%BF%A1%E6%81%AF%E5%B7%A5%E7%A8%8B%E5%AD%A6%E9%99%A2; schoolid=1',
)
[ info ] [ PARAM ] array (
)
[ info ] [ RUN ] app\index\controller\Index->index[ D:\wamp64\www\project\infocollection\application\index\controller\Index.php ]
[ info ] [ DB ] INIT mysql
[ info ] [ VIEW ] D:\wamp64\www\project\infocollection/application/index\view\index\index.html [ array (
  0 => 'schoolname',
  1 => 'tasks',
) ]
[ info ] [ LOG ] INIT File
[ sql ] [ DB ] CONNECT:[ UseTime:0.001408s ] mysql:dbname=infocollection;host=localhost;port=3306;charset=utf8
[ sql ] [ SQL ] SHOW COLUMNS FROM `task` [ RunTime:0.018959s ]
[ sql ] [ SQL ] SELECT COUNT(*) AS tp_count FROM `task` LIMIT 1 [ RunTime:0.000394s ]
[ sql ] [ SQL ] SELECT * FROM `task` ORDER BY id desc LIMIT 0,2 [ RunTime:0.000675s ]

---------------------------------------------------------------
[ 2017-04-07T10:08:10+08:00 ] ::1 ::1 POST /project/infocollection/index/index/downloadattachment.html
[ log ] localhost/project/infocollection/index/index/downloadattachment.html [运行时间：0.128155s][吞吐率：7.80req/s] [内存消耗：3,231.37kb] [文件加载：43]
[ info ] [ LANG ] D:\wamp64\www\project\infocollection\thinkphp\lang\zh-cn.php
[ info ] [ ROUTE ] array (
  'type' => 'module',
  'module' => 
  array (
    0 => 'index',
    1 => 'index',
    2 => 'downloadattachment',
  ),
)
[ info ] [ HEADER ] array (
  'host' => 'localhost',
  'connection' => 'keep-alive',
  'content-length' => '136',
  'cache-control' => 'max-age=0',
  'origin' => 'http://localhost',
  'upgrade-insecure-requests' => '1',
  'user-agent' => 'Mozilla/5.0 (Windows NT 10.0; Win64; x64) AppleWebKit/537.36 (KHTML, like Gecko) Chrome/57.0.2987.133 Safari/537.36',
  'content-type' => 'application/x-www-form-urlencoded',
  'accept' => 'text/html,application/xhtml+xml,application/xml;q=0.9,image/webp,*/*;q=0.8',
  'referer' => 'http://localhost/project/infocollection/index/index/index.html',
  'accept-encoding' => 'gzip, deflate, br',
  'accept-language' => 'zh-CN,zh;q=0.8',
  'cookie' => 'Phpstorm-5547fa09=783ade7a-de49-4ae0-b7a2-0e4ea33c1bea; Phpstorm-bd2926e8=857be1c2-e28b-476d-b13e-3a6d848fae47; pgv_pvi=2761342976; _ga=GA1.1.1437015703.1490101787; schoolname=%E4%BF%A1%E6%81%AF%E5%B7%A5%E7%A8%8B%E5%AD%A6%E9%99%A2; schoolid=1',
)
[ info ] [ PARAM ] array (
  'attachment_dir' => 'admin/20170406\\be64653b12e5d3a0a77550189a75e5c0.rar',
  'attachment_name' => '各学院课表.rar',
)
[ info ] [ RUN ] app\index\controller\Index->downloadAttachment[ D:\wamp64\www\project\infocollection\application\index\controller\Index.php ]
[ info ] [ LOG ] INIT File

---------------------------------------------------------------
[ 2017-04-07T10:08:13+08:00 ] ::1 ::1 POST /project/infocollection/index/index/downloadattachment.html
[ log ] localhost/project/infocollection/index/index/downloadattachment.html [运行时间：0.121771s][吞吐率：8.21req/s] [内存消耗：2,243.46kb] [文件加载：43]
[ info ] [ LANG ] D:\wamp64\www\project\infocollection\thinkphp\lang\zh-cn.php
[ info ] [ ROUTE ] array (
  'type' => 'module',
  'module' => 
  array (
    0 => 'index',
    1 => 'index',
    2 => 'downloadattachment',
  ),
)
[ info ] [ HEADER ] array (
  'host' => 'localhost',
  'connection' => 'keep-alive',
  'content-length' => '193',
  'cache-control' => 'max-age=0',
  'origin' => 'http://localhost',
  'upgrade-insecure-requests' => '1',
  'user-agent' => 'Mozilla/5.0 (Windows NT 10.0; Win64; x64) AppleWebKit/537.36 (KHTML, like Gecko) Chrome/57.0.2987.133 Safari/537.36',
  'content-type' => 'application/x-www-form-urlencoded',
  'accept' => 'text/html,application/xhtml+xml,application/xml;q=0.9,image/webp,*/*;q=0.8',
  'referer' => 'http://localhost/project/infocollection/index/index/index.html',
  'accept-encoding' => 'gzip, deflate, br',
  'accept-language' => 'zh-CN,zh;q=0.8',
  'cookie' => 'Phpstorm-5547fa09=783ade7a-de49-4ae0-b7a2-0e4ea33c1bea; Phpstorm-bd2926e8=857be1c2-e28b-476d-b13e-3a6d848fae47; pgv_pvi=2761342976; _ga=GA1.1.1437015703.1490101787; schoolname=%E4%BF%A1%E6%81%AF%E5%B7%A5%E7%A8%8B%E5%AD%A6%E9%99%A2; schoolid=1',
)
[ info ] [ PARAM ] array (
  'attachment_dir' => 'admin/20170404\\689de6fb1c389bb2f5cc127f1fef8aab.doc',
  'attachment_name' => '1.2优秀志愿者队伍申报材料.doc',
)
[ info ] [ RUN ] app\index\controller\Index->downloadAttachment[ D:\wamp64\www\project\infocollection\application\index\controller\Index.php ]
[ info ] [ LOG ] INIT File

---------------------------------------------------------------
[ 2017-04-07T10:09:01+08:00 ] ::1 ::1 GET /project/infocollection/index/logout/index.html
[ log ] localhost/project/infocollection/index/logout/index.html [运行时间：0.030034s][吞吐率：33.30req/s] [内存消耗：2,310.98kb] [文件加载：47]
[ info ] [ LANG ] D:\wamp64\www\project\infocollection\thinkphp\lang\zh-cn.php
[ info ] [ ROUTE ] array (
  'type' => 'module',
  'module' => 
  array (
    0 => 'index',
    1 => 'logout',
    2 => 'index',
  ),
)
[ info ] [ HEADER ] array (
  'host' => 'localhost',
  'connection' => 'keep-alive',
  'upgrade-insecure-requests' => '1',
  'user-agent' => 'Mozilla/5.0 (Windows NT 10.0; Win64; x64) AppleWebKit/537.36 (KHTML, like Gecko) Chrome/57.0.2987.133 Safari/537.36',
  'accept' => 'text/html,application/xhtml+xml,application/xml;q=0.9,image/webp,*/*;q=0.8',
  'referer' => 'http://localhost/project/infocollection/index/index/index.html',
  'accept-encoding' => 'gzip, deflate, sdch, br',
  'accept-language' => 'zh-CN,zh;q=0.8',
  'cookie' => 'Phpstorm-5547fa09=783ade7a-de49-4ae0-b7a2-0e4ea33c1bea; Phpstorm-bd2926e8=857be1c2-e28b-476d-b13e-3a6d848fae47; pgv_pvi=2761342976; _ga=GA1.1.1437015703.1490101787; schoolname=%E4%BF%A1%E6%81%AF%E5%B7%A5%E7%A8%8B%E5%AD%A6%E9%99%A2; schoolid=1',
)
[ info ] [ PARAM ] array (
)
[ info ] [ RUN ] app\index\controller\Logout->index[ D:\wamp64\www\project\infocollection\application\index\controller\Logout.php ]
[ info ] [ VIEW ] D:\wamp64\www\project\infocollection\thinkphp\tpl\dispatch_jump.tpl [ array (
  0 => 'code',
  1 => 'msg',
  2 => 'data',
  3 => 'url',
  4 => 'wait',
) ]
[ info ] [ LOG ] INIT File

---------------------------------------------------------------
[ 2017-04-07T10:09:04+08:00 ] ::1 ::1 GET /project/infocollection/index/login/index.html
[ log ] localhost/project/infocollection/index/login/index.html [运行时间：0.119372s][吞吐率：8.38req/s] [内存消耗：2,282.13kb] [文件加载：45]
[ info ] [ LANG ] D:\wamp64\www\project\infocollection\thinkphp\lang\zh-cn.php
[ info ] [ ROUTE ] array (
  'type' => 'module',
  'module' => 
  array (
    0 => 'index',
    1 => 'login',
    2 => 'index',
  ),
)
[ info ] [ HEADER ] array (
  'host' => 'localhost',
  'connection' => 'keep-alive',
  'upgrade-insecure-requests' => '1',
  'user-agent' => 'Mozilla/5.0 (Windows NT 10.0; Win64; x64) AppleWebKit/537.36 (KHTML, like Gecko) Chrome/57.0.2987.133 Safari/537.36',
  'accept' => 'text/html,application/xhtml+xml,application/xml;q=0.9,image/webp,*/*;q=0.8',
  'referer' => 'http://localhost/project/infocollection/index/logout/index.html',
  'accept-encoding' => 'gzip, deflate, sdch, br',
  'accept-language' => 'zh-CN,zh;q=0.8',
  'cookie' => 'Phpstorm-5547fa09=783ade7a-de49-4ae0-b7a2-0e4ea33c1bea; Phpstorm-bd2926e8=857be1c2-e28b-476d-b13e-3a6d848fae47; pgv_pvi=2761342976; _ga=GA1.1.1437015703.1490101787',
)
[ info ] [ PARAM ] array (
)
[ info ] [ RUN ] app\index\controller\Login->index[ D:\wamp64\www\project\infocollection\application\index\controller\Login.php ]
[ info ] [ VIEW ] D:\wamp64\www\project\infocollection/application/index\view\login\index.html [ array (
) ]
[ info ] [ LOG ] INIT File

---------------------------------------------------------------
[ 2017-04-07T10:09:12+08:00 ] ::1 ::1 POST /project/infocollection/index/login/adminlogin.html
[ log ] localhost/project/infocollection/index/login/adminlogin.html [运行时间：0.108322s][吞吐率：9.23req/s] [内存消耗：3,620.38kb] [文件加载：56]
[ info ] [ LANG ] D:\wamp64\www\project\infocollection\thinkphp\lang\zh-cn.php
[ info ] [ ROUTE ] array (
  'type' => 'module',
  'module' => 
  array (
    0 => 'index',
    1 => 'login',
    2 => 'adminlogin',
  ),
)
[ info ] [ HEADER ] array (
  'host' => 'localhost',
  'connection' => 'keep-alive',
  'content-length' => '30',
  'cache-control' => 'max-age=0',
  'origin' => 'http://localhost',
  'upgrade-insecure-requests' => '1',
  'user-agent' => 'Mozilla/5.0 (Windows NT 10.0; Win64; x64) AppleWebKit/537.36 (KHTML, like Gecko) Chrome/57.0.2987.133 Safari/537.36',
  'content-type' => 'application/x-www-form-urlencoded',
  'accept' => 'text/html,application/xhtml+xml,application/xml;q=0.9,image/webp,*/*;q=0.8',
  'referer' => 'http://localhost/project/infocollection/index/login/index.html',
  'accept-encoding' => 'gzip, deflate, br',
  'accept-language' => 'zh-CN,zh;q=0.8',
  'cookie' => 'Phpstorm-5547fa09=783ade7a-de49-4ae0-b7a2-0e4ea33c1bea; Phpstorm-bd2926e8=857be1c2-e28b-476d-b13e-3a6d848fae47; pgv_pvi=2761342976; _ga=GA1.1.1437015703.1490101787',
)
[ info ] [ PARAM ] array (
  'adminname' => 'root',
  'password' => '123456',
)
[ info ] [ RUN ] app\index\controller\Login->adminLogin[ D:\wamp64\www\project\infocollection\application\index\controller\Login.php ]
[ info ] [ DB ] INIT mysql
[ info ] [ VIEW ] D:\wamp64\www\project\infocollection\thinkphp\tpl\dispatch_jump.tpl [ array (
  0 => 'code',
  1 => 'msg',
  2 => 'data',
  3 => 'url',
  4 => 'wait',
) ]
[ info ] [ LOG ] INIT File
[ sql ] [ DB ] CONNECT:[ UseTime:0.003427s ] mysql:dbname=infocollection;host=localhost;port=3306;charset=utf8
[ sql ] [ SQL ] SHOW COLUMNS FROM `admin` [ RunTime:0.056125s ]
[ sql ] [ SQL ] SELECT * FROM `admin` WHERE  `adminname` = 'root' LIMIT 1 [ RunTime:0.000470s ]

---------------------------------------------------------------
[ 2017-04-07T10:09:15+08:00 ] ::1 ::1 GET /project/infocollection/index/admin/index.html
[ log ] localhost/project/infocollection/index/admin/index.html [运行时间：0.270320s][吞吐率：3.70req/s] [内存消耗：3,441.99kb] [文件加载：56]
[ info ] [ LANG ] D:\wamp64\www\project\infocollection\thinkphp\lang\zh-cn.php
[ info ] [ ROUTE ] array (
  'type' => 'module',
  'module' => 
  array (
    0 => 'index',
    1 => 'admin',
    2 => 'index',
  ),
)
[ info ] [ HEADER ] array (
  'host' => 'localhost',
  'connection' => 'keep-alive',
  'upgrade-insecure-requests' => '1',
  'user-agent' => 'Mozilla/5.0 (Windows NT 10.0; Win64; x64) AppleWebKit/537.36 (KHTML, like Gecko) Chrome/57.0.2987.133 Safari/537.36',
  'accept' => 'text/html,application/xhtml+xml,application/xml;q=0.9,image/webp,*/*;q=0.8',
  'referer' => 'http://localhost/project/infocollection/index/login/adminlogin.html',
  'accept-encoding' => 'gzip, deflate, sdch, br',
  'accept-language' => 'zh-CN,zh;q=0.8',
  'cookie' => 'Phpstorm-5547fa09=783ade7a-de49-4ae0-b7a2-0e4ea33c1bea; Phpstorm-bd2926e8=857be1c2-e28b-476d-b13e-3a6d848fae47; pgv_pvi=2761342976; _ga=GA1.1.1437015703.1490101787; adminname=root; adminid=1; superadmin=root',
)
[ info ] [ PARAM ] array (
)
[ info ] [ RUN ] app\index\controller\Admin->index[ D:\wamp64\www\project\infocollection\application\index\controller\Admin.php ]
[ info ] [ DB ] INIT mysql
[ info ] [ VIEW ] D:\wamp64\www\project\infocollection/application/index\view\admin\index.html [ array (
  0 => 'tasks',
) ]
[ info ] [ LOG ] INIT File
[ sql ] [ DB ] CONNECT:[ UseTime:0.002103s ] mysql:dbname=infocollection;host=localhost;port=3306;charset=utf8
[ sql ] [ SQL ] SHOW COLUMNS FROM `task` [ RunTime:0.002145s ]
[ sql ] [ SQL ] SELECT COUNT(*) AS tp_count FROM `task` LIMIT 1 [ RunTime:0.000467s ]
[ sql ] [ SQL ] SELECT * FROM `task` ORDER BY id desc LIMIT 0,2 [ RunTime:0.001025s ]

---------------------------------------------------------------
[ 2017-04-07T10:09:17+08:00 ] ::1 ::1 GET /project/infocollection/index/releasetask/index.html
[ log ] localhost/project/infocollection/index/releasetask/index.html [运行时间：0.126030s][吞吐率：7.93req/s] [内存消耗：2,325.10kb] [文件加载：46]
[ info ] [ LANG ] D:\wamp64\www\project\infocollection\thinkphp\lang\zh-cn.php
[ info ] [ ROUTE ] array (
  'type' => 'module',
  'module' => 
  array (
    0 => 'index',
    1 => 'releasetask',
    2 => 'index',
  ),
)
[ info ] [ HEADER ] array (
  'host' => 'localhost',
  'connection' => 'keep-alive',
  'upgrade-insecure-requests' => '1',
  'user-agent' => 'Mozilla/5.0 (Windows NT 10.0; Win64; x64) AppleWebKit/537.36 (KHTML, like Gecko) Chrome/57.0.2987.133 Safari/537.36',
  'accept' => 'text/html,application/xhtml+xml,application/xml;q=0.9,image/webp,*/*;q=0.8',
  'referer' => 'http://localhost/project/infocollection/index/admin/index.html',
  'accept-encoding' => 'gzip, deflate, sdch, br',
  'accept-language' => 'zh-CN,zh;q=0.8',
  'cookie' => 'Phpstorm-5547fa09=783ade7a-de49-4ae0-b7a2-0e4ea33c1bea; Phpstorm-bd2926e8=857be1c2-e28b-476d-b13e-3a6d848fae47; pgv_pvi=2761342976; _ga=GA1.1.1437015703.1490101787; adminname=root; adminid=1; superadmin=root',
)
[ info ] [ PARAM ] array (
)
[ info ] [ RUN ] app\index\controller\Releasetask->index[ D:\wamp64\www\project\infocollection\application\index\controller\Releasetask.php ]
[ info ] [ VIEW ] D:\wamp64\www\project\infocollection/application/index\view\releasetask\index.html [ array (
) ]
[ info ] [ LOG ] INIT File

---------------------------------------------------------------
[ 2017-04-07T10:09:28+08:00 ] ::1 ::1 POST /project/infocollection/index/releasetask/releaseformtable.html
[ log ] localhost/project/infocollection/index/releasetask/releaseformtable.html [运行时间：0.279319s][吞吐率：3.58req/s] [内存消耗：3,604.25kb] [文件加载：57]
[ info ] [ LANG ] D:\wamp64\www\project\infocollection\thinkphp\lang\zh-cn.php
[ info ] [ ROUTE ] array (
  'type' => 'module',
  'module' => 
  array (
    0 => 'index',
    1 => 'releasetask',
    2 => 'releaseformtable',
  ),
)
[ info ] [ HEADER ] array (
  'host' => 'localhost',
  'connection' => 'keep-alive',
  'content-length' => '821',
  'cache-control' => 'max-age=0',
  'origin' => 'http://localhost',
  'upgrade-insecure-requests' => '1',
  'user-agent' => 'Mozilla/5.0 (Windows NT 10.0; Win64; x64) AppleWebKit/537.36 (KHTML, like Gecko) Chrome/57.0.2987.133 Safari/537.36',
  'content-type' => 'multipart/form-data; boundary=----WebKitFormBoundaryb7t28Lp81ZAsEGom',
  'accept' => 'text/html,application/xhtml+xml,application/xml;q=0.9,image/webp,*/*;q=0.8',
  'referer' => 'http://localhost/project/infocollection/index/releasetask/index.html',
  'accept-encoding' => 'gzip, deflate, br',
  'accept-language' => 'zh-CN,zh;q=0.8',
  'cookie' => 'Phpstorm-5547fa09=783ade7a-de49-4ae0-b7a2-0e4ea33c1bea; Phpstorm-bd2926e8=857be1c2-e28b-476d-b13e-3a6d848fae47; pgv_pvi=2761342976; _ga=GA1.1.1437015703.1490101787; adminname=root; adminid=1; superadmin=root',
)
[ info ] [ PARAM ] array (
  'taskname' => '阿萨德',
  'start_date' => '2017-03-14',
  'end_date' => '2017-03-21',
  'tasktext' => '阿萨德',
  'form_moudle' => '1',
  'MAX_FILE_SIZE' => '52428800',
)
[ info ] [ RUN ] app\index\controller\Releasetask->releaseFormTable[ D:\wamp64\www\project\infocollection\application\index\controller\Releasetask.php ]
[ info ] [ DB ] INIT mysql
[ info ] [ VIEW ] D:\wamp64\www\project\infocollection\thinkphp\tpl\dispatch_jump.tpl [ array (
  0 => 'code',
  1 => 'msg',
  2 => 'data',
  3 => 'url',
  4 => 'wait',
) ]
[ info ] [ LOG ] INIT File
[ sql ] [ DB ] CONNECT:[ UseTime:0.005582s ] mysql:dbname=infocollection;host=localhost;port=3306;charset=utf8
[ sql ] [ SQL ] SHOW COLUMNS FROM `task` [ RunTime:0.003225s ]
[ sql ] [ SQL ] INSERT INTO `task` (`taskname` , `start_date` , `end_date` , `tasktext` , `form_moudle` , `date`) VALUES ('阿萨德' , '2017-03-14' , '2017-03-21' , '阿萨德' , 1 , '2017-04-07') [ RunTime:0.041580s ]

---------------------------------------------------------------
[ 2017-04-07T10:09:30+08:00 ] ::1 ::1 GET /project/infocollection/index/admin/index.html
[ log ] localhost/project/infocollection/index/admin/index.html [运行时间：0.085985s][吞吐率：11.63req/s] [内存消耗：3,441.84kb] [文件加载：56]
[ info ] [ LANG ] D:\wamp64\www\project\infocollection\thinkphp\lang\zh-cn.php
[ info ] [ ROUTE ] array (
  'type' => 'module',
  'module' => 
  array (
    0 => 'index',
    1 => 'admin',
    2 => 'index',
  ),
)
[ info ] [ HEADER ] array (
  'host' => 'localhost',
  'connection' => 'keep-alive',
  'upgrade-insecure-requests' => '1',
  'user-agent' => 'Mozilla/5.0 (Windows NT 10.0; Win64; x64) AppleWebKit/537.36 (KHTML, like Gecko) Chrome/57.0.2987.133 Safari/537.36',
  'accept' => 'text/html,application/xhtml+xml,application/xml;q=0.9,image/webp,*/*;q=0.8',
  'referer' => 'http://localhost/project/infocollection/index/releasetask/releaseformtable.html',
  'accept-encoding' => 'gzip, deflate, sdch, br',
  'accept-language' => 'zh-CN,zh;q=0.8',
  'cookie' => 'Phpstorm-5547fa09=783ade7a-de49-4ae0-b7a2-0e4ea33c1bea; Phpstorm-bd2926e8=857be1c2-e28b-476d-b13e-3a6d848fae47; pgv_pvi=2761342976; _ga=GA1.1.1437015703.1490101787; adminname=root; adminid=1; superadmin=root',
)
[ info ] [ PARAM ] array (
)
[ info ] [ RUN ] app\index\controller\Admin->index[ D:\wamp64\www\project\infocollection\application\index\controller\Admin.php ]
[ info ] [ DB ] INIT mysql
[ info ] [ VIEW ] D:\wamp64\www\project\infocollection/application/index\view\admin\index.html [ array (
  0 => 'tasks',
) ]
[ info ] [ LOG ] INIT File
[ sql ] [ DB ] CONNECT:[ UseTime:0.001752s ] mysql:dbname=infocollection;host=localhost;port=3306;charset=utf8
[ sql ] [ SQL ] SHOW COLUMNS FROM `task` [ RunTime:0.006886s ]
[ sql ] [ SQL ] SELECT COUNT(*) AS tp_count FROM `task` LIMIT 1 [ RunTime:0.000438s ]
[ sql ] [ SQL ] SELECT * FROM `task` ORDER BY id desc LIMIT 0,2 [ RunTime:0.000709s ]

---------------------------------------------------------------
[ 2017-04-07T10:09:31+08:00 ] ::1 ::1 GET /project/infocollection/index/logout/index.html
[ log ] localhost/project/infocollection/index/logout/index.html [运行时间：0.022247s][吞吐率：44.95req/s] [内存消耗：2,310.80kb] [文件加载：47]
[ info ] [ LANG ] D:\wamp64\www\project\infocollection\thinkphp\lang\zh-cn.php
[ info ] [ ROUTE ] array (
  'type' => 'module',
  'module' => 
  array (
    0 => 'index',
    1 => 'logout',
    2 => 'index',
  ),
)
[ info ] [ HEADER ] array (
  'host' => 'localhost',
  'connection' => 'keep-alive',
  'upgrade-insecure-requests' => '1',
  'user-agent' => 'Mozilla/5.0 (Windows NT 10.0; Win64; x64) AppleWebKit/537.36 (KHTML, like Gecko) Chrome/57.0.2987.133 Safari/537.36',
  'accept' => 'text/html,application/xhtml+xml,application/xml;q=0.9,image/webp,*/*;q=0.8',
  'referer' => 'http://localhost/project/infocollection/index/admin/index.html',
  'accept-encoding' => 'gzip, deflate, sdch, br',
  'accept-language' => 'zh-CN,zh;q=0.8',
  'cookie' => 'Phpstorm-5547fa09=783ade7a-de49-4ae0-b7a2-0e4ea33c1bea; Phpstorm-bd2926e8=857be1c2-e28b-476d-b13e-3a6d848fae47; pgv_pvi=2761342976; _ga=GA1.1.1437015703.1490101787; adminname=root; adminid=1; superadmin=root',
)
[ info ] [ PARAM ] array (
)
[ info ] [ RUN ] app\index\controller\Logout->index[ D:\wamp64\www\project\infocollection\application\index\controller\Logout.php ]
[ info ] [ VIEW ] D:\wamp64\www\project\infocollection\thinkphp\tpl\dispatch_jump.tpl [ array (
  0 => 'code',
  1 => 'msg',
  2 => 'data',
  3 => 'url',
  4 => 'wait',
) ]
[ info ] [ LOG ] INIT File

---------------------------------------------------------------
[ 2017-04-07T10:09:35+08:00 ] ::1 ::1 GET /project/infocollection/index/login/index.html
[ log ] localhost/project/infocollection/index/login/index.html [运行时间：0.052032s][吞吐率：19.22req/s] [内存消耗：2,282.13kb] [文件加载：45]
[ info ] [ LANG ] D:\wamp64\www\project\infocollection\thinkphp\lang\zh-cn.php
[ info ] [ ROUTE ] array (
  'type' => 'module',
  'module' => 
  array (
    0 => 'index',
    1 => 'login',
    2 => 'index',
  ),
)
[ info ] [ HEADER ] array (
  'host' => 'localhost',
  'connection' => 'keep-alive',
  'upgrade-insecure-requests' => '1',
  'user-agent' => 'Mozilla/5.0 (Windows NT 10.0; Win64; x64) AppleWebKit/537.36 (KHTML, like Gecko) Chrome/57.0.2987.133 Safari/537.36',
  'accept' => 'text/html,application/xhtml+xml,application/xml;q=0.9,image/webp,*/*;q=0.8',
  'referer' => 'http://localhost/project/infocollection/index/logout/index.html',
  'accept-encoding' => 'gzip, deflate, sdch, br',
  'accept-language' => 'zh-CN,zh;q=0.8',
  'cookie' => 'Phpstorm-5547fa09=783ade7a-de49-4ae0-b7a2-0e4ea33c1bea; Phpstorm-bd2926e8=857be1c2-e28b-476d-b13e-3a6d848fae47; pgv_pvi=2761342976; _ga=GA1.1.1437015703.1490101787',
)
[ info ] [ PARAM ] array (
)
[ info ] [ RUN ] app\index\controller\Login->index[ D:\wamp64\www\project\infocollection\application\index\controller\Login.php ]
[ info ] [ VIEW ] D:\wamp64\www\project\infocollection/application/index\view\login\index.html [ array (
) ]
[ info ] [ LOG ] INIT File

---------------------------------------------------------------
[ 2017-04-07T10:09:44+08:00 ] ::1 ::1 POST /project/infocollection/index/login/schoollogin.html
[ log ] localhost/project/infocollection/index/login/schoollogin.html [运行时间：0.035931s][吞吐率：27.83req/s] [内存消耗：3,620.47kb] [文件加载：56]
[ info ] [ LANG ] D:\wamp64\www\project\infocollection\thinkphp\lang\zh-cn.php
[ info ] [ ROUTE ] array (
  'type' => 'module',
  'module' => 
  array (
    0 => 'index',
    1 => 'login',
    2 => 'schoollogin',
  ),
)
[ info ] [ HEADER ] array (
  'host' => 'localhost',
  'connection' => 'keep-alive',
  'content-length' => '81',
  'cache-control' => 'max-age=0',
  'origin' => 'http://localhost',
  'upgrade-insecure-requests' => '1',
  'user-agent' => 'Mozilla/5.0 (Windows NT 10.0; Win64; x64) AppleWebKit/537.36 (KHTML, like Gecko) Chrome/57.0.2987.133 Safari/537.36',
  'content-type' => 'application/x-www-form-urlencoded',
  'accept' => 'text/html,application/xhtml+xml,application/xml;q=0.9,image/webp,*/*;q=0.8',
  'referer' => 'http://localhost/project/infocollection/index/login/index.html',
  'accept-encoding' => 'gzip, deflate, br',
  'accept-language' => 'zh-CN,zh;q=0.8',
  'cookie' => 'Phpstorm-5547fa09=783ade7a-de49-4ae0-b7a2-0e4ea33c1bea; Phpstorm-bd2926e8=857be1c2-e28b-476d-b13e-3a6d848fae47; pgv_pvi=2761342976; _ga=GA1.1.1437015703.1490101787',
)
[ info ] [ PARAM ] array (
  'schoolname' => '信息工程学院',
  'password' => '123456',
)
[ info ] [ RUN ] app\index\controller\Login->schoolLogin[ D:\wamp64\www\project\infocollection\application\index\controller\Login.php ]
[ info ] [ DB ] INIT mysql
[ info ] [ VIEW ] D:\wamp64\www\project\infocollection\thinkphp\tpl\dispatch_jump.tpl [ array (
  0 => 'code',
  1 => 'msg',
  2 => 'data',
  3 => 'url',
  4 => 'wait',
) ]
[ info ] [ LOG ] INIT File
[ sql ] [ DB ] CONNECT:[ UseTime:0.001278s ] mysql:dbname=infocollection;host=localhost;port=3306;charset=utf8
[ sql ] [ SQL ] SHOW COLUMNS FROM `school` [ RunTime:0.001296s ]
[ sql ] [ SQL ] SELECT * FROM `school` WHERE  `schoolname` = '信息工程学院' LIMIT 1 [ RunTime:0.000465s ]

---------------------------------------------------------------
[ 2017-04-07T10:09:46+08:00 ] ::1 ::1 GET /project/infocollection/index/index/index.html
[ log ] localhost/project/infocollection/index/index/index.html [运行时间：0.073719s][吞吐率：13.57req/s] [内存消耗：3,750.60kb] [文件加载：58]
[ info ] [ LANG ] D:\wamp64\www\project\infocollection\thinkphp\lang\zh-cn.php
[ info ] [ ROUTE ] array (
  'type' => 'module',
  'module' => 
  array (
    0 => 'index',
    1 => 'index',
    2 => 'index',
  ),
)
[ info ] [ HEADER ] array (
  'host' => 'localhost',
  'connection' => 'keep-alive',
  'upgrade-insecure-requests' => '1',
  'user-agent' => 'Mozilla/5.0 (Windows NT 10.0; Win64; x64) AppleWebKit/537.36 (KHTML, like Gecko) Chrome/57.0.2987.133 Safari/537.36',
  'accept' => 'text/html,application/xhtml+xml,application/xml;q=0.9,image/webp,*/*;q=0.8',
  'referer' => 'http://localhost/project/infocollection/index/login/schoollogin.html',
  'accept-encoding' => 'gzip, deflate, sdch, br',
  'accept-language' => 'zh-CN,zh;q=0.8',
  'cookie' => 'Phpstorm-5547fa09=783ade7a-de49-4ae0-b7a2-0e4ea33c1bea; Phpstorm-bd2926e8=857be1c2-e28b-476d-b13e-3a6d848fae47; pgv_pvi=2761342976; _ga=GA1.1.1437015703.1490101787; schoolname=%E4%BF%A1%E6%81%AF%E5%B7%A5%E7%A8%8B%E5%AD%A6%E9%99%A2; schoolid=1',
)
[ info ] [ PARAM ] array (
)
[ info ] [ RUN ] app\index\controller\Index->index[ D:\wamp64\www\project\infocollection\application\index\controller\Index.php ]
[ info ] [ DB ] INIT mysql
[ info ] [ VIEW ] D:\wamp64\www\project\infocollection/application/index\view\index\index.html [ array (
  0 => 'schoolname',
  1 => 'tasks',
) ]
[ info ] [ LOG ] INIT File
[ sql ] [ DB ] CONNECT:[ UseTime:0.003387s ] mysql:dbname=infocollection;host=localhost;port=3306;charset=utf8
[ sql ] [ SQL ] SHOW COLUMNS FROM `task` [ RunTime:0.001647s ]
[ sql ] [ SQL ] SELECT COUNT(*) AS tp_count FROM `task` LIMIT 1 [ RunTime:0.000405s ]
[ sql ] [ SQL ] SELECT * FROM `task` ORDER BY id desc LIMIT 0,2 [ RunTime:0.000758s ]

---------------------------------------------------------------
