[ 2017-04-12T07:28:36+08:00 ] ::1 ::1 GET /project/infocollection/
[ log ] localhost/project/infocollection/ [运行时间：2.619553s][吞吐率：0.38req/s] [内存消耗：1,814.45kb] [文件加载：37]
[ info ] [ LANG ] D:\wamp64\www\project\infocollection\thinkphp\lang\zh-cn.php
[ info ] [ ROUTE ] array (
  'type' => 'module',
  'module' => 
  array (
    0 => '',
    1 => NULL,
    2 => NULL,
  ),
)
[ info ] [ HEADER ] array (
  'host' => 'localhost',
  'connection' => 'keep-alive',
  'upgrade-insecure-requests' => '1',
  'user-agent' => 'Mozilla/5.0 (Windows NT 10.0; Win64; x64) AppleWebKit/537.36 (KHTML, like Gecko) Chrome/57.0.2987.133 Safari/537.36',
  'accept' => 'text/html,application/xhtml+xml,application/xml;q=0.9,image/webp,*/*;q=0.8',
  'accept-encoding' => 'gzip, deflate, sdch, br',
  'accept-language' => 'zh-CN,zh;q=0.8',
  'cookie' => 'Phpstorm-5547fa09=783ade7a-de49-4ae0-b7a2-0e4ea33c1bea; Phpstorm-bd2926e8=857be1c2-e28b-476d-b13e-3a6d848fae47; pgv_pvi=2761342976; _ga=GA1.1.1437015703.1490101787',
)
[ info ] [ PARAM ] array (
)
[ info ] [ RUN ] app\index\controller\Index->index[ D:\wamp64\www\project\infocollection\application\index\controller\Index.php ]
[ info ] [ VIEW ] D:\wamp64\www\project\infocollection/application/index\view\Login\index.html [ array (
) ]
[ info ] [ LOG ] INIT File

---------------------------------------------------------------
[ 2017-04-12T07:28:44+08:00 ] ::1 ::1 POST /project/infocollection/index/login/schoollogin.html
[ log ] localhost/project/infocollection/index/login/schoollogin.html [运行时间：0.839017s][吞吐率：1.19req/s] [内存消耗：2,970.31kb] [文件加载：45]
[ info ] [ LANG ] D:\wamp64\www\project\infocollection\thinkphp\lang\zh-cn.php
[ info ] [ ROUTE ] array (
  'type' => 'module',
  'module' => 
  array (
    0 => 'index',
    1 => 'login',
    2 => 'schoollogin',
  ),
)
[ info ] [ HEADER ] array (
  'host' => 'localhost',
  'connection' => 'keep-alive',
  'content-length' => '31',
  'cache-control' => 'max-age=0',
  'origin' => 'http://localhost',
  'upgrade-insecure-requests' => '1',
  'user-agent' => 'Mozilla/5.0 (Windows NT 10.0; Win64; x64) AppleWebKit/537.36 (KHTML, like Gecko) Chrome/57.0.2987.133 Safari/537.36',
  'content-type' => 'application/x-www-form-urlencoded',
  'accept' => 'text/html,application/xhtml+xml,application/xml;q=0.9,image/webp,*/*;q=0.8',
  'referer' => 'http://localhost/project/infocollection/',
  'accept-encoding' => 'gzip, deflate, br',
  'accept-language' => 'zh-CN,zh;q=0.8',
  'cookie' => 'Phpstorm-5547fa09=783ade7a-de49-4ae0-b7a2-0e4ea33c1bea; Phpstorm-bd2926e8=857be1c2-e28b-476d-b13e-3a6d848fae47; pgv_pvi=2761342976; _ga=GA1.1.1437015703.1490101787',
)
[ info ] [ PARAM ] array (
  'schoolname' => 'root',
  'password' => '960921',
)
[ info ] [ RUN ] app\index\controller\Login->schoolLogin[ D:\wamp64\www\project\infocollection\application\index\controller\Login.php ]
[ info ] [ DB ] INIT mysql
[ info ] [ VIEW ] D:\wamp64\www\project\infocollection/application/index\view\public\dispatch_jump.html [ array (
  0 => 'code',
  1 => 'msg',
  2 => 'data',
  3 => 'url',
  4 => 'wait',
) ]
[ info ] [ LOG ] INIT File
[ sql ] [ DB ] CONNECT:[ UseTime:0.001637s ] mysql:dbname=infocollection;host=localhost;port=3306;charset=utf8
[ sql ] [ SQL ] SHOW COLUMNS FROM `school` [ RunTime:0.001104s ]
[ sql ] [ SQL ] SELECT * FROM `school` WHERE  `schoolname` = 'root' LIMIT 1 [ RunTime:0.042427s ]

---------------------------------------------------------------
[ 2017-04-12T07:28:48+08:00 ] ::1 ::1 POST /project/infocollection/index/login/schoollogin.html
[ log ] localhost/project/infocollection/index/login/schoollogin.html [运行时间：0.033322s][吞吐率：30.01req/s] [内存消耗：2,970.31kb] [文件加载：45]
[ info ] [ LANG ] D:\wamp64\www\project\infocollection\thinkphp\lang\zh-cn.php
[ info ] [ ROUTE ] array (
  'type' => 'module',
  'module' => 
  array (
    0 => 'index',
    1 => 'login',
    2 => 'schoollogin',
  ),
)
[ info ] [ HEADER ] array (
  'host' => 'localhost',
  'connection' => 'keep-alive',
  'content-length' => '31',
  'cache-control' => 'max-age=0',
  'origin' => 'http://localhost',
  'upgrade-insecure-requests' => '1',
  'user-agent' => 'Mozilla/5.0 (Windows NT 10.0; Win64; x64) AppleWebKit/537.36 (KHTML, like Gecko) Chrome/57.0.2987.133 Safari/537.36',
  'content-type' => 'application/x-www-form-urlencoded',
  'accept' => 'text/html,application/xhtml+xml,application/xml;q=0.9,image/webp,*/*;q=0.8',
  'referer' => 'http://localhost/project/infocollection/',
  'accept-encoding' => 'gzip, deflate, br',
  'accept-language' => 'zh-CN,zh;q=0.8',
  'cookie' => 'Phpstorm-5547fa09=783ade7a-de49-4ae0-b7a2-0e4ea33c1bea; Phpstorm-bd2926e8=857be1c2-e28b-476d-b13e-3a6d848fae47; pgv_pvi=2761342976; _ga=GA1.1.1437015703.1490101787',
)
[ info ] [ PARAM ] array (
  'schoolname' => 'root',
  'password' => '960921',
)
[ info ] [ RUN ] app\index\controller\Login->schoolLogin[ D:\wamp64\www\project\infocollection\application\index\controller\Login.php ]
[ info ] [ DB ] INIT mysql
[ info ] [ VIEW ] D:\wamp64\www\project\infocollection/application/index\view\public\dispatch_jump.html [ array (
  0 => 'code',
  1 => 'msg',
  2 => 'data',
  3 => 'url',
  4 => 'wait',
) ]
[ info ] [ LOG ] INIT File
[ sql ] [ DB ] CONNECT:[ UseTime:0.001479s ] mysql:dbname=infocollection;host=localhost;port=3306;charset=utf8
[ sql ] [ SQL ] SHOW COLUMNS FROM `school` [ RunTime:0.001009s ]
[ sql ] [ SQL ] SELECT * FROM `school` WHERE  `schoolname` = 'root' LIMIT 1 [ RunTime:0.000461s ]

---------------------------------------------------------------
[ 2017-04-12T07:28:51+08:00 ] ::1 ::1 POST /project/infocollection/index/login/adminlogin.html
[ log ] localhost/project/infocollection/index/login/adminlogin.html [运行时间：0.111974s][吞吐率：8.93req/s] [内存消耗：2,970.46kb] [文件加载：45]
[ info ] [ LANG ] D:\wamp64\www\project\infocollection\thinkphp\lang\zh-cn.php
[ info ] [ ROUTE ] array (
  'type' => 'module',
  'module' => 
  array (
    0 => 'index',
    1 => 'login',
    2 => 'adminlogin',
  ),
)
[ info ] [ HEADER ] array (
  'host' => 'localhost',
  'connection' => 'keep-alive',
  'content-length' => '30',
  'cache-control' => 'max-age=0',
  'origin' => 'http://localhost',
  'upgrade-insecure-requests' => '1',
  'user-agent' => 'Mozilla/5.0 (Windows NT 10.0; Win64; x64) AppleWebKit/537.36 (KHTML, like Gecko) Chrome/57.0.2987.133 Safari/537.36',
  'content-type' => 'application/x-www-form-urlencoded',
  'accept' => 'text/html,application/xhtml+xml,application/xml;q=0.9,image/webp,*/*;q=0.8',
  'referer' => 'http://localhost/project/infocollection/',
  'accept-encoding' => 'gzip, deflate, br',
  'accept-language' => 'zh-CN,zh;q=0.8',
  'cookie' => 'Phpstorm-5547fa09=783ade7a-de49-4ae0-b7a2-0e4ea33c1bea; Phpstorm-bd2926e8=857be1c2-e28b-476d-b13e-3a6d848fae47; pgv_pvi=2761342976; _ga=GA1.1.1437015703.1490101787',
)
[ info ] [ PARAM ] array (
  'adminname' => 'root',
  'password' => '960921',
)
[ info ] [ RUN ] app\index\controller\Login->adminLogin[ D:\wamp64\www\project\infocollection\application\index\controller\Login.php ]
[ info ] [ DB ] INIT mysql
[ info ] [ VIEW ] D:\wamp64\www\project\infocollection/application/index\view\public\dispatch_jump.html [ array (
  0 => 'code',
  1 => 'msg',
  2 => 'data',
  3 => 'url',
  4 => 'wait',
) ]
[ info ] [ LOG ] INIT File
[ sql ] [ DB ] CONNECT:[ UseTime:0.002435s ] mysql:dbname=infocollection;host=localhost;port=3306;charset=utf8
[ sql ] [ SQL ] SHOW COLUMNS FROM `admin` [ RunTime:0.001518s ]
[ sql ] [ SQL ] SELECT * FROM `admin` WHERE  `adminname` = 'root' LIMIT 1 [ RunTime:0.000756s ]

---------------------------------------------------------------
[ 2017-04-12T07:28:56+08:00 ] ::1 ::1 POST /project/infocollection/index/login/adminlogin.html
[ log ] localhost/project/infocollection/index/login/adminlogin.html [运行时间：0.039944s][吞吐率：25.03req/s] [内存消耗：2,970.46kb] [文件加载：45]
[ info ] [ LANG ] D:\wamp64\www\project\infocollection\thinkphp\lang\zh-cn.php
[ info ] [ ROUTE ] array (
  'type' => 'module',
  'module' => 
  array (
    0 => 'index',
    1 => 'login',
    2 => 'adminlogin',
  ),
)
[ info ] [ HEADER ] array (
  'host' => 'localhost',
  'connection' => 'keep-alive',
  'content-length' => '30',
  'cache-control' => 'max-age=0',
  'origin' => 'http://localhost',
  'upgrade-insecure-requests' => '1',
  'user-agent' => 'Mozilla/5.0 (Windows NT 10.0; Win64; x64) AppleWebKit/537.36 (KHTML, like Gecko) Chrome/57.0.2987.133 Safari/537.36',
  'content-type' => 'application/x-www-form-urlencoded',
  'accept' => 'text/html,application/xhtml+xml,application/xml;q=0.9,image/webp,*/*;q=0.8',
  'referer' => 'http://localhost/project/infocollection/',
  'accept-encoding' => 'gzip, deflate, br',
  'accept-language' => 'zh-CN,zh;q=0.8',
  'cookie' => 'Phpstorm-5547fa09=783ade7a-de49-4ae0-b7a2-0e4ea33c1bea; Phpstorm-bd2926e8=857be1c2-e28b-476d-b13e-3a6d848fae47; pgv_pvi=2761342976; _ga=GA1.1.1437015703.1490101787',
)
[ info ] [ PARAM ] array (
  'adminname' => 'root',
  'password' => '960921',
)
[ info ] [ RUN ] app\index\controller\Login->adminLogin[ D:\wamp64\www\project\infocollection\application\index\controller\Login.php ]
[ info ] [ DB ] INIT mysql
[ info ] [ VIEW ] D:\wamp64\www\project\infocollection/application/index\view\public\dispatch_jump.html [ array (
  0 => 'code',
  1 => 'msg',
  2 => 'data',
  3 => 'url',
  4 => 'wait',
) ]
[ info ] [ LOG ] INIT File
[ sql ] [ DB ] CONNECT:[ UseTime:0.001380s ] mysql:dbname=infocollection;host=localhost;port=3306;charset=utf8
[ sql ] [ SQL ] SHOW COLUMNS FROM `admin` [ RunTime:0.001508s ]
[ sql ] [ SQL ] SELECT * FROM `admin` WHERE  `adminname` = 'root' LIMIT 1 [ RunTime:0.000489s ]

---------------------------------------------------------------
[ 2017-04-12T07:28:59+08:00 ] ::1 ::1 POST /project/infocollection/index/login/schoollogin.html
[ log ] localhost/project/infocollection/index/login/schoollogin.html [运行时间：0.033808s][吞吐率：29.58req/s] [内存消耗：2,970.31kb] [文件加载：45]
[ info ] [ LANG ] D:\wamp64\www\project\infocollection\thinkphp\lang\zh-cn.php
[ info ] [ ROUTE ] array (
  'type' => 'module',
  'module' => 
  array (
    0 => 'index',
    1 => 'login',
    2 => 'schoollogin',
  ),
)
[ info ] [ HEADER ] array (
  'host' => 'localhost',
  'connection' => 'keep-alive',
  'content-length' => '31',
  'cache-control' => 'max-age=0',
  'origin' => 'http://localhost',
  'upgrade-insecure-requests' => '1',
  'user-agent' => 'Mozilla/5.0 (Windows NT 10.0; Win64; x64) AppleWebKit/537.36 (KHTML, like Gecko) Chrome/57.0.2987.133 Safari/537.36',
  'content-type' => 'application/x-www-form-urlencoded',
  'accept' => 'text/html,application/xhtml+xml,application/xml;q=0.9,image/webp,*/*;q=0.8',
  'referer' => 'http://localhost/project/infocollection/',
  'accept-encoding' => 'gzip, deflate, br',
  'accept-language' => 'zh-CN,zh;q=0.8',
  'cookie' => 'Phpstorm-5547fa09=783ade7a-de49-4ae0-b7a2-0e4ea33c1bea; Phpstorm-bd2926e8=857be1c2-e28b-476d-b13e-3a6d848fae47; pgv_pvi=2761342976; _ga=GA1.1.1437015703.1490101787',
)
[ info ] [ PARAM ] array (
  'schoolname' => 'root',
  'password' => '960921',
)
[ info ] [ RUN ] app\index\controller\Login->schoolLogin[ D:\wamp64\www\project\infocollection\application\index\controller\Login.php ]
[ info ] [ DB ] INIT mysql
[ info ] [ VIEW ] D:\wamp64\www\project\infocollection/application/index\view\public\dispatch_jump.html [ array (
  0 => 'code',
  1 => 'msg',
  2 => 'data',
  3 => 'url',
  4 => 'wait',
) ]
[ info ] [ LOG ] INIT File
[ sql ] [ DB ] CONNECT:[ UseTime:0.001985s ] mysql:dbname=infocollection;host=localhost;port=3306;charset=utf8
[ sql ] [ SQL ] SHOW COLUMNS FROM `school` [ RunTime:0.000907s ]
[ sql ] [ SQL ] SELECT * FROM `school` WHERE  `schoolname` = 'root' LIMIT 1 [ RunTime:0.000570s ]

---------------------------------------------------------------
[ 2017-04-12T07:42:18+08:00 ] ::1 ::1 POST /project/infocollection/index/login/adminlogin.html
[ log ] localhost/project/infocollection/index/login/adminlogin.html [运行时间：0.047580s][吞吐率：21.02req/s] [内存消耗：2,970.46kb] [文件加载：45]
[ info ] [ LANG ] D:\wamp64\www\project\infocollection\thinkphp\lang\zh-cn.php
[ info ] [ ROUTE ] array (
  'type' => 'module',
  'module' => 
  array (
    0 => 'index',
    1 => 'login',
    2 => 'adminlogin',
  ),
)
[ info ] [ HEADER ] array (
  'host' => 'localhost',
  'connection' => 'keep-alive',
  'content-length' => '30',
  'cache-control' => 'max-age=0',
  'origin' => 'http://localhost',
  'upgrade-insecure-requests' => '1',
  'user-agent' => 'Mozilla/5.0 (Windows NT 10.0; Win64; x64) AppleWebKit/537.36 (KHTML, like Gecko) Chrome/57.0.2987.133 Safari/537.36',
  'content-type' => 'application/x-www-form-urlencoded',
  'accept' => 'text/html,application/xhtml+xml,application/xml;q=0.9,image/webp,*/*;q=0.8',
  'referer' => 'http://localhost/project/infocollection/',
  'accept-encoding' => 'gzip, deflate, br',
  'accept-language' => 'zh-CN,zh;q=0.8',
  'cookie' => 'Phpstorm-5547fa09=783ade7a-de49-4ae0-b7a2-0e4ea33c1bea; Phpstorm-bd2926e8=857be1c2-e28b-476d-b13e-3a6d848fae47; pgv_pvi=2761342976; _ga=GA1.1.1437015703.1490101787',
)
[ info ] [ PARAM ] array (
  'adminname' => 'root',
  'password' => '960921',
)
[ info ] [ RUN ] app\index\controller\Login->adminLogin[ D:\wamp64\www\project\infocollection\application\index\controller\Login.php ]
[ info ] [ DB ] INIT mysql
[ info ] [ VIEW ] D:\wamp64\www\project\infocollection/application/index\view\public\dispatch_jump.html [ array (
  0 => 'code',
  1 => 'msg',
  2 => 'data',
  3 => 'url',
  4 => 'wait',
) ]
[ info ] [ LOG ] INIT File
[ sql ] [ DB ] CONNECT:[ UseTime:0.001793s ] mysql:dbname=infocollection;host=localhost;port=3306;charset=utf8
[ sql ] [ SQL ] SHOW COLUMNS FROM `admin` [ RunTime:0.002401s ]
[ sql ] [ SQL ] SELECT * FROM `admin` WHERE  `adminname` = 'root' LIMIT 1 [ RunTime:0.000684s ]

---------------------------------------------------------------
[ 2017-04-12T07:42:22+08:00 ] ::1 ::1 POST /project/infocollection/index/login/schoollogin.html
[ log ] localhost/project/infocollection/index/login/schoollogin.html [运行时间：0.043382s][吞吐率：23.05req/s] [内存消耗：2,970.31kb] [文件加载：45]
[ info ] [ LANG ] D:\wamp64\www\project\infocollection\thinkphp\lang\zh-cn.php
[ info ] [ ROUTE ] array (
  'type' => 'module',
  'module' => 
  array (
    0 => 'index',
    1 => 'login',
    2 => 'schoollogin',
  ),
)
[ info ] [ HEADER ] array (
  'host' => 'localhost',
  'connection' => 'keep-alive',
  'content-length' => '31',
  'cache-control' => 'max-age=0',
  'origin' => 'http://localhost',
  'upgrade-insecure-requests' => '1',
  'user-agent' => 'Mozilla/5.0 (Windows NT 10.0; Win64; x64) AppleWebKit/537.36 (KHTML, like Gecko) Chrome/57.0.2987.133 Safari/537.36',
  'content-type' => 'application/x-www-form-urlencoded',
  'accept' => 'text/html,application/xhtml+xml,application/xml;q=0.9,image/webp,*/*;q=0.8',
  'referer' => 'http://localhost/project/infocollection/',
  'accept-encoding' => 'gzip, deflate, br',
  'accept-language' => 'zh-CN,zh;q=0.8',
  'cookie' => 'Phpstorm-5547fa09=783ade7a-de49-4ae0-b7a2-0e4ea33c1bea; Phpstorm-bd2926e8=857be1c2-e28b-476d-b13e-3a6d848fae47; pgv_pvi=2761342976; _ga=GA1.1.1437015703.1490101787',
)
[ info ] [ PARAM ] array (
  'schoolname' => 'root',
  'password' => '123456',
)
[ info ] [ RUN ] app\index\controller\Login->schoolLogin[ D:\wamp64\www\project\infocollection\application\index\controller\Login.php ]
[ info ] [ DB ] INIT mysql
[ info ] [ VIEW ] D:\wamp64\www\project\infocollection/application/index\view\public\dispatch_jump.html [ array (
  0 => 'code',
  1 => 'msg',
  2 => 'data',
  3 => 'url',
  4 => 'wait',
) ]
[ info ] [ LOG ] INIT File
[ sql ] [ DB ] CONNECT:[ UseTime:0.002151s ] mysql:dbname=infocollection;host=localhost;port=3306;charset=utf8
[ sql ] [ SQL ] SHOW COLUMNS FROM `school` [ RunTime:0.000906s ]
[ sql ] [ SQL ] SELECT * FROM `school` WHERE  `schoolname` = 'root' LIMIT 1 [ RunTime:0.000415s ]

---------------------------------------------------------------
[ 2017-04-12T07:42:28+08:00 ] ::1 ::1 POST /project/infocollection/index/login/adminlogin.html
[ log ] localhost/project/infocollection/index/login/adminlogin.html [运行时间：0.100597s][吞吐率：9.94req/s] [内存消耗：3,031.98kb] [文件加载：46]
[ info ] [ LANG ] D:\wamp64\www\project\infocollection\thinkphp\lang\zh-cn.php
[ info ] [ ROUTE ] array (
  'type' => 'module',
  'module' => 
  array (
    0 => 'index',
    1 => 'login',
    2 => 'adminlogin',
  ),
)
[ info ] [ HEADER ] array (
  'host' => 'localhost',
  'connection' => 'keep-alive',
  'content-length' => '30',
  'cache-control' => 'max-age=0',
  'origin' => 'http://localhost',
  'upgrade-insecure-requests' => '1',
  'user-agent' => 'Mozilla/5.0 (Windows NT 10.0; Win64; x64) AppleWebKit/537.36 (KHTML, like Gecko) Chrome/57.0.2987.133 Safari/537.36',
  'content-type' => 'application/x-www-form-urlencoded',
  'accept' => 'text/html,application/xhtml+xml,application/xml;q=0.9,image/webp,*/*;q=0.8',
  'referer' => 'http://localhost/project/infocollection/',
  'accept-encoding' => 'gzip, deflate, br',
  'accept-language' => 'zh-CN,zh;q=0.8',
  'cookie' => 'Phpstorm-5547fa09=783ade7a-de49-4ae0-b7a2-0e4ea33c1bea; Phpstorm-bd2926e8=857be1c2-e28b-476d-b13e-3a6d848fae47; pgv_pvi=2761342976; _ga=GA1.1.1437015703.1490101787',
)
[ info ] [ PARAM ] array (
  'adminname' => 'root',
  'password' => '123456',
)
[ info ] [ RUN ] app\index\controller\Login->adminLogin[ D:\wamp64\www\project\infocollection\application\index\controller\Login.php ]
[ info ] [ DB ] INIT mysql
[ info ] [ LOG ] INIT File
[ sql ] [ DB ] CONNECT:[ UseTime:0.001530s ] mysql:dbname=infocollection;host=localhost;port=3306;charset=utf8
[ sql ] [ SQL ] SHOW COLUMNS FROM `admin` [ RunTime:0.001072s ]
[ sql ] [ SQL ] SELECT * FROM `admin` WHERE  `adminname` = 'root' LIMIT 1 [ RunTime:0.000466s ]

---------------------------------------------------------------
[ 2017-04-12T07:42:28+08:00 ] ::1 ::1 GET /project/infocollection/index/admin/index.html
[ log ] localhost/project/infocollection/index/admin/index.html [运行时间：0.333099s][吞吐率：3.00req/s] [内存消耗：2,895.70kb] [文件加载：47]
[ info ] [ LANG ] D:\wamp64\www\project\infocollection\thinkphp\lang\zh-cn.php
[ info ] [ ROUTE ] array (
  'type' => 'module',
  'module' => 
  array (
    0 => 'index',
    1 => 'admin',
    2 => 'index',
  ),
)
[ info ] [ HEADER ] array (
  'host' => 'localhost',
  'connection' => 'keep-alive',
  'cache-control' => 'max-age=0',
  'upgrade-insecure-requests' => '1',
  'user-agent' => 'Mozilla/5.0 (Windows NT 10.0; Win64; x64) AppleWebKit/537.36 (KHTML, like Gecko) Chrome/57.0.2987.133 Safari/537.36',
  'accept' => 'text/html,application/xhtml+xml,application/xml;q=0.9,image/webp,*/*;q=0.8',
  'referer' => 'http://localhost/project/infocollection/',
  'accept-encoding' => 'gzip, deflate, sdch, br',
  'accept-language' => 'zh-CN,zh;q=0.8',
  'cookie' => 'Phpstorm-5547fa09=783ade7a-de49-4ae0-b7a2-0e4ea33c1bea; Phpstorm-bd2926e8=857be1c2-e28b-476d-b13e-3a6d848fae47; pgv_pvi=2761342976; _ga=GA1.1.1437015703.1490101787; adminname=root; adminid=1; superadmin=root',
)
[ info ] [ PARAM ] array (
)
[ info ] [ RUN ] app\index\controller\Admin->index[ D:\wamp64\www\project\infocollection\application\index\controller\Admin.php ]
[ info ] [ DB ] INIT mysql
[ info ] [ VIEW ] D:\wamp64\www\project\infocollection/application/index\view\admin\index.html [ array (
  0 => 'tasks',
) ]
[ info ] [ LOG ] INIT File
[ sql ] [ DB ] CONNECT:[ UseTime:0.001446s ] mysql:dbname=infocollection;host=localhost;port=3306;charset=utf8
[ sql ] [ SQL ] SHOW COLUMNS FROM `task` [ RunTime:0.001016s ]
[ sql ] [ SQL ] SELECT COUNT(*) AS tp_count FROM `task` LIMIT 1 [ RunTime:0.000391s ]
[ sql ] [ SQL ] SELECT * FROM `task` ORDER BY id desc LIMIT 0,2 [ RunTime:0.005302s ]

---------------------------------------------------------------
[ 2017-04-12T07:42:59+08:00 ] ::1 ::1 GET /project/infocollection/index/releasetask/index.html
[ log ] localhost/project/infocollection/index/releasetask/index.html [运行时间：0.095400s][吞吐率：10.48req/s] [内存消耗：1,780.81kb] [文件加载：37]
[ info ] [ LANG ] D:\wamp64\www\project\infocollection\thinkphp\lang\zh-cn.php
[ info ] [ ROUTE ] array (
  'type' => 'module',
  'module' => 
  array (
    0 => 'index',
    1 => 'releasetask',
    2 => 'index',
  ),
)
[ info ] [ HEADER ] array (
  'host' => 'localhost',
  'connection' => 'keep-alive',
  'upgrade-insecure-requests' => '1',
  'user-agent' => 'Mozilla/5.0 (Windows NT 10.0; Win64; x64) AppleWebKit/537.36 (KHTML, like Gecko) Chrome/57.0.2987.133 Safari/537.36',
  'accept' => 'text/html,application/xhtml+xml,application/xml;q=0.9,image/webp,*/*;q=0.8',
  'referer' => 'http://localhost/project/infocollection/index/admin/index.html',
  'accept-encoding' => 'gzip, deflate, sdch, br',
  'accept-language' => 'zh-CN,zh;q=0.8',
  'cookie' => 'Phpstorm-5547fa09=783ade7a-de49-4ae0-b7a2-0e4ea33c1bea; Phpstorm-bd2926e8=857be1c2-e28b-476d-b13e-3a6d848fae47; pgv_pvi=2761342976; _ga=GA1.1.1437015703.1490101787; adminname=root; adminid=1; superadmin=root',
)
[ info ] [ PARAM ] array (
)
[ info ] [ RUN ] app\index\controller\Releasetask->index[ D:\wamp64\www\project\infocollection\application\index\controller\Releasetask.php ]
[ info ] [ VIEW ] D:\wamp64\www\project\infocollection/application/index\view\releasetask\index.html [ array (
) ]
[ info ] [ LOG ] INIT File

---------------------------------------------------------------
[ 2017-04-12T07:43:00+08:00 ] ::1 ::1 GET /project/infocollection/index/checksubmited/index.html
[ log ] localhost/project/infocollection/index/checksubmited/index.html [运行时间：0.259772s][吞吐率：3.85req/s] [内存消耗：3,766.12kb] [文件加载：49]
[ info ] [ LANG ] D:\wamp64\www\project\infocollection\thinkphp\lang\zh-cn.php
[ info ] [ ROUTE ] array (
  'type' => 'module',
  'module' => 
  array (
    0 => 'index',
    1 => 'checksubmited',
    2 => 'index',
  ),
)
[ info ] [ HEADER ] array (
  'host' => 'localhost',
  'connection' => 'keep-alive',
  'upgrade-insecure-requests' => '1',
  'user-agent' => 'Mozilla/5.0 (Windows NT 10.0; Win64; x64) AppleWebKit/537.36 (KHTML, like Gecko) Chrome/57.0.2987.133 Safari/537.36',
  'accept' => 'text/html,application/xhtml+xml,application/xml;q=0.9,image/webp,*/*;q=0.8',
  'referer' => 'http://localhost/project/infocollection/index/releasetask/index.html',
  'accept-encoding' => 'gzip, deflate, sdch, br',
  'accept-language' => 'zh-CN,zh;q=0.8',
  'cookie' => 'Phpstorm-5547fa09=783ade7a-de49-4ae0-b7a2-0e4ea33c1bea; Phpstorm-bd2926e8=857be1c2-e28b-476d-b13e-3a6d848fae47; pgv_pvi=2761342976; _ga=GA1.1.1437015703.1490101787; adminname=root; adminid=1; superadmin=root',
)
[ info ] [ PARAM ] array (
)
[ info ] [ RUN ] app\index\controller\Checksubmited->index[ D:\wamp64\www\project\infocollection\application\index\controller\Checksubmited.php ]
[ info ] [ DB ] INIT mysql
[ info ] [ VIEW ] D:\wamp64\www\project\infocollection/application/index\view\checksubmited\index.html [ array (
  0 => 'tasks_list',
) ]
[ info ] [ DB ] INIT mysql
[ info ] [ DB ] INIT mysql
[ info ] [ DB ] INIT mysql
[ info ] [ DB ] INIT mysql
[ info ] [ DB ] INIT mysql
[ info ] [ DB ] INIT mysql
[ info ] [ DB ] INIT mysql
[ info ] [ LOG ] INIT File
[ sql ] [ DB ] CONNECT:[ UseTime:0.001768s ] mysql:dbname=infocollection;host=localhost;port=3306;charset=utf8
[ sql ] [ SQL ] SHOW COLUMNS FROM `task` [ RunTime:0.001258s ]
[ sql ] [ SQL ] SELECT COUNT(*) AS tp_count FROM `task` LIMIT 1 [ RunTime:0.000388s ]
[ sql ] [ SQL ] SELECT * FROM `task` ORDER BY id desc LIMIT 0,2 [ RunTime:0.000644s ]
[ sql ] [ DB ] CONNECT:[ UseTime:0.001412s ] mysql:dbname=infocollection;host=localhost;port=3306;charset=utf8
[ sql ] [ SQL ] SHOW COLUMNS FROM `table_data` [ RunTime:0.012003s ]
[ sql ] [ SQL ] SELECT * FROM `table_data` WHERE  `task_id` = 39 ORDER BY id desc [ RunTime:0.000605s ]
[ sql ] [ DB ] CONNECT:[ UseTime:0.001321s ] mysql:dbname=infocollection;host=localhost;port=3306;charset=utf8
[ sql ] [ SQL ] SHOW COLUMNS FROM `school` [ RunTime:0.000907s ]
[ sql ] [ SQL ] SELECT `schoolname` FROM `school` WHERE  `id` = 1 LIMIT 1 [ RunTime:0.000456s ]
[ sql ] [ DB ] CONNECT:[ UseTime:0.001390s ] mysql:dbname=infocollection;host=localhost;port=3306;charset=utf8
[ sql ] [ SQL ] SELECT `schoolname` FROM `school` WHERE  `id` = 1 LIMIT 1 [ RunTime:0.000535s ]
[ sql ] [ DB ] CONNECT:[ UseTime:0.001396s ] mysql:dbname=infocollection;host=localhost;port=3306;charset=utf8
[ sql ] [ SQL ] SELECT `schoolname` FROM `school` WHERE  `id` = 1 LIMIT 1 [ RunTime:0.000573s ]
[ sql ] [ DB ] CONNECT:[ UseTime:0.001379s ] mysql:dbname=infocollection;host=localhost;port=3306;charset=utf8
[ sql ] [ SQL ] SHOW COLUMNS FROM `form3` [ RunTime:0.004701s ]
[ sql ] [ SQL ] SELECT * FROM `form3` WHERE  `task_id` = 33 ORDER BY id desc [ RunTime:0.000669s ]
[ sql ] [ DB ] CONNECT:[ UseTime:0.001266s ] mysql:dbname=infocollection;host=localhost;port=3306;charset=utf8
[ sql ] [ SQL ] SELECT `schoolname` FROM `school` WHERE  `id` = 2 LIMIT 1 [ RunTime:0.000525s ]
[ sql ] [ DB ] CONNECT:[ UseTime:0.001514s ] mysql:dbname=infocollection;host=localhost;port=3306;charset=utf8
[ sql ] [ SQL ] SELECT `schoolname` FROM `school` WHERE  `id` = 1 LIMIT 1 [ RunTime:0.000546s ]

---------------------------------------------------------------
[ 2017-04-12T07:43:01+08:00 ] ::1 ::1 GET /project/infocollection/index/releasetask/index.html
[ log ] localhost/project/infocollection/index/releasetask/index.html [运行时间：0.018792s][吞吐率：53.21req/s] [内存消耗：1,780.94kb] [文件加载：37]
[ info ] [ LANG ] D:\wamp64\www\project\infocollection\thinkphp\lang\zh-cn.php
[ info ] [ ROUTE ] array (
  'type' => 'module',
  'module' => 
  array (
    0 => 'index',
    1 => 'releasetask',
    2 => 'index',
  ),
)
[ info ] [ HEADER ] array (
  'host' => 'localhost',
  'connection' => 'keep-alive',
  'upgrade-insecure-requests' => '1',
  'user-agent' => 'Mozilla/5.0 (Windows NT 10.0; Win64; x64) AppleWebKit/537.36 (KHTML, like Gecko) Chrome/57.0.2987.133 Safari/537.36',
  'accept' => 'text/html,application/xhtml+xml,application/xml;q=0.9,image/webp,*/*;q=0.8',
  'referer' => 'http://localhost/project/infocollection/index/checksubmited/index.html',
  'accept-encoding' => 'gzip, deflate, sdch, br',
  'accept-language' => 'zh-CN,zh;q=0.8',
  'cookie' => 'Phpstorm-5547fa09=783ade7a-de49-4ae0-b7a2-0e4ea33c1bea; Phpstorm-bd2926e8=857be1c2-e28b-476d-b13e-3a6d848fae47; pgv_pvi=2761342976; _ga=GA1.1.1437015703.1490101787; adminname=root; adminid=1; superadmin=root',
)
[ info ] [ PARAM ] array (
)
[ info ] [ RUN ] app\index\controller\Releasetask->index[ D:\wamp64\www\project\infocollection\application\index\controller\Releasetask.php ]
[ info ] [ VIEW ] D:\wamp64\www\project\infocollection/application/index\view\releasetask\index.html [ array (
) ]
[ info ] [ LOG ] INIT File

---------------------------------------------------------------
[ 2017-04-12T07:43:01+08:00 ] ::1 ::1 GET /project/infocollection/index/checksubmited/index.html
[ log ] localhost/project/infocollection/index/checksubmited/index.html [运行时间：0.059353s][吞吐率：16.85req/s] [内存消耗：3,766.12kb] [文件加载：49]
[ info ] [ LANG ] D:\wamp64\www\project\infocollection\thinkphp\lang\zh-cn.php
[ info ] [ ROUTE ] array (
  'type' => 'module',
  'module' => 
  array (
    0 => 'index',
    1 => 'checksubmited',
    2 => 'index',
  ),
)
[ info ] [ HEADER ] array (
  'host' => 'localhost',
  'connection' => 'keep-alive',
  'upgrade-insecure-requests' => '1',
  'user-agent' => 'Mozilla/5.0 (Windows NT 10.0; Win64; x64) AppleWebKit/537.36 (KHTML, like Gecko) Chrome/57.0.2987.133 Safari/537.36',
  'accept' => 'text/html,application/xhtml+xml,application/xml;q=0.9,image/webp,*/*;q=0.8',
  'referer' => 'http://localhost/project/infocollection/index/releasetask/index.html',
  'accept-encoding' => 'gzip, deflate, sdch, br',
  'accept-language' => 'zh-CN,zh;q=0.8',
  'cookie' => 'Phpstorm-5547fa09=783ade7a-de49-4ae0-b7a2-0e4ea33c1bea; Phpstorm-bd2926e8=857be1c2-e28b-476d-b13e-3a6d848fae47; pgv_pvi=2761342976; _ga=GA1.1.1437015703.1490101787; adminname=root; adminid=1; superadmin=root',
)
[ info ] [ PARAM ] array (
)
[ info ] [ RUN ] app\index\controller\Checksubmited->index[ D:\wamp64\www\project\infocollection\application\index\controller\Checksubmited.php ]
[ info ] [ DB ] INIT mysql
[ info ] [ VIEW ] D:\wamp64\www\project\infocollection/application/index\view\checksubmited\index.html [ array (
  0 => 'tasks_list',
) ]
[ info ] [ DB ] INIT mysql
[ info ] [ DB ] INIT mysql
[ info ] [ DB ] INIT mysql
[ info ] [ DB ] INIT mysql
[ info ] [ DB ] INIT mysql
[ info ] [ DB ] INIT mysql
[ info ] [ DB ] INIT mysql
[ info ] [ LOG ] INIT File
[ sql ] [ DB ] CONNECT:[ UseTime:0.001379s ] mysql:dbname=infocollection;host=localhost;port=3306;charset=utf8
[ sql ] [ SQL ] SHOW COLUMNS FROM `task` [ RunTime:0.001219s ]
[ sql ] [ SQL ] SELECT COUNT(*) AS tp_count FROM `task` LIMIT 1 [ RunTime:0.000325s ]
[ sql ] [ SQL ] SELECT * FROM `task` ORDER BY id desc LIMIT 0,2 [ RunTime:0.000477s ]
[ sql ] [ DB ] CONNECT:[ UseTime:0.001353s ] mysql:dbname=infocollection;host=localhost;port=3306;charset=utf8
[ sql ] [ SQL ] SHOW COLUMNS FROM `table_data` [ RunTime:0.000973s ]
[ sql ] [ SQL ] SELECT * FROM `table_data` WHERE  `task_id` = 39 ORDER BY id desc [ RunTime:0.000520s ]
[ sql ] [ DB ] CONNECT:[ UseTime:0.001444s ] mysql:dbname=infocollection;host=localhost;port=3306;charset=utf8
[ sql ] [ SQL ] SHOW COLUMNS FROM `school` [ RunTime:0.001472s ]
[ sql ] [ SQL ] SELECT `schoolname` FROM `school` WHERE  `id` = 1 LIMIT 1 [ RunTime:0.000543s ]
[ sql ] [ DB ] CONNECT:[ UseTime:0.001567s ] mysql:dbname=infocollection;host=localhost;port=3306;charset=utf8
[ sql ] [ SQL ] SELECT `schoolname` FROM `school` WHERE  `id` = 1 LIMIT 1 [ RunTime:0.000630s ]
[ sql ] [ DB ] CONNECT:[ UseTime:0.001534s ] mysql:dbname=infocollection;host=localhost;port=3306;charset=utf8
[ sql ] [ SQL ] SELECT `schoolname` FROM `school` WHERE  `id` = 1 LIMIT 1 [ RunTime:0.000521s ]
[ sql ] [ DB ] CONNECT:[ UseTime:0.001577s ] mysql:dbname=infocollection;host=localhost;port=3306;charset=utf8
[ sql ] [ SQL ] SHOW COLUMNS FROM `form3` [ RunTime:0.001253s ]
[ sql ] [ SQL ] SELECT * FROM `form3` WHERE  `task_id` = 33 ORDER BY id desc [ RunTime:0.000636s ]
[ sql ] [ DB ] CONNECT:[ UseTime:0.001412s ] mysql:dbname=infocollection;host=localhost;port=3306;charset=utf8
[ sql ] [ SQL ] SELECT `schoolname` FROM `school` WHERE  `id` = 2 LIMIT 1 [ RunTime:0.000669s ]
[ sql ] [ DB ] CONNECT:[ UseTime:0.002643s ] mysql:dbname=infocollection;host=localhost;port=3306;charset=utf8
[ sql ] [ SQL ] SELECT `schoolname` FROM `school` WHERE  `id` = 1 LIMIT 1 [ RunTime:0.000648s ]

---------------------------------------------------------------
[ 2017-04-12T07:43:02+08:00 ] ::1 ::1 GET /project/infocollection/index/accountmanage/index.html
[ log ] localhost/project/infocollection/index/accountmanage/index.html [运行时间：0.205674s][吞吐率：4.86req/s] [内存消耗：2,904.45kb] [文件加载：47]
[ info ] [ LANG ] D:\wamp64\www\project\infocollection\thinkphp\lang\zh-cn.php
[ info ] [ ROUTE ] array (
  'type' => 'module',
  'module' => 
  array (
    0 => 'index',
    1 => 'accountmanage',
    2 => 'index',
  ),
)
[ info ] [ HEADER ] array (
  'host' => 'localhost',
  'connection' => 'keep-alive',
  'upgrade-insecure-requests' => '1',
  'user-agent' => 'Mozilla/5.0 (Windows NT 10.0; Win64; x64) AppleWebKit/537.36 (KHTML, like Gecko) Chrome/57.0.2987.133 Safari/537.36',
  'accept' => 'text/html,application/xhtml+xml,application/xml;q=0.9,image/webp,*/*;q=0.8',
  'referer' => 'http://localhost/project/infocollection/index/checksubmited/index.html',
  'accept-encoding' => 'gzip, deflate, sdch, br',
  'accept-language' => 'zh-CN,zh;q=0.8',
  'cookie' => 'Phpstorm-5547fa09=783ade7a-de49-4ae0-b7a2-0e4ea33c1bea; Phpstorm-bd2926e8=857be1c2-e28b-476d-b13e-3a6d848fae47; pgv_pvi=2761342976; _ga=GA1.1.1437015703.1490101787; adminname=root; adminid=1; superadmin=root',
)
[ info ] [ PARAM ] array (
)
[ info ] [ RUN ] app\index\controller\Accountmanage->index[ D:\wamp64\www\project\infocollection\application\index\controller\Accountmanage.php ]
[ info ] [ DB ] INIT mysql
[ info ] [ VIEW ] D:\wamp64\www\project\infocollection/application/index\view\accountmanage\index.html [ array (
  0 => 'schools',
) ]
[ info ] [ LOG ] INIT File
[ sql ] [ DB ] CONNECT:[ UseTime:0.001910s ] mysql:dbname=infocollection;host=localhost;port=3306;charset=utf8
[ sql ] [ SQL ] SHOW COLUMNS FROM `school` [ RunTime:0.001350s ]
[ sql ] [ SQL ] SELECT COUNT(*) AS tp_count FROM `school` LIMIT 1 [ RunTime:0.000541s ]
[ sql ] [ SQL ] SELECT * FROM `school` LIMIT 0,7 [ RunTime:0.000979s ]

---------------------------------------------------------------
[ 2017-04-12T07:43:04+08:00 ] ::1 ::1 GET /project/infocollection/index/accountmanage/admin.html
[ log ] localhost/project/infocollection/index/accountmanage/admin.html [运行时间：0.128370s][吞吐率：7.79req/s] [内存消耗：2,903.80kb] [文件加载：47]
[ info ] [ LANG ] D:\wamp64\www\project\infocollection\thinkphp\lang\zh-cn.php
[ info ] [ ROUTE ] array (
  'type' => 'module',
  'module' => 
  array (
    0 => 'index',
    1 => 'accountmanage',
    2 => 'admin',
  ),
)
[ info ] [ HEADER ] array (
  'host' => 'localhost',
  'connection' => 'keep-alive',
  'upgrade-insecure-requests' => '1',
  'user-agent' => 'Mozilla/5.0 (Windows NT 10.0; Win64; x64) AppleWebKit/537.36 (KHTML, like Gecko) Chrome/57.0.2987.133 Safari/537.36',
  'accept' => 'text/html,application/xhtml+xml,application/xml;q=0.9,image/webp,*/*;q=0.8',
  'referer' => 'http://localhost/project/infocollection/index/accountmanage/index.html',
  'accept-encoding' => 'gzip, deflate, sdch, br',
  'accept-language' => 'zh-CN,zh;q=0.8',
  'cookie' => 'Phpstorm-5547fa09=783ade7a-de49-4ae0-b7a2-0e4ea33c1bea; Phpstorm-bd2926e8=857be1c2-e28b-476d-b13e-3a6d848fae47; pgv_pvi=2761342976; _ga=GA1.1.1437015703.1490101787; adminname=root; adminid=1; superadmin=root',
)
[ info ] [ PARAM ] array (
)
[ info ] [ RUN ] app\index\controller\Accountmanage->admin[ D:\wamp64\www\project\infocollection\application\index\controller\Accountmanage.php ]
[ info ] [ DB ] INIT mysql
[ info ] [ VIEW ] D:\wamp64\www\project\infocollection/application/index\view\accountmanage\admin.html [ array (
  0 => 'admins',
) ]
[ info ] [ LOG ] INIT File
[ sql ] [ DB ] CONNECT:[ UseTime:0.001360s ] mysql:dbname=infocollection;host=localhost;port=3306;charset=utf8
[ sql ] [ SQL ] SHOW COLUMNS FROM `admin` [ RunTime:0.001391s ]
[ sql ] [ SQL ] SELECT COUNT(*) AS tp_count FROM `admin` LIMIT 1 [ RunTime:0.000351s ]
[ sql ] [ SQL ] SELECT * FROM `admin` LIMIT 0,7 [ RunTime:0.000350s ]

---------------------------------------------------------------
[ 2017-04-12T07:43:06+08:00 ] ::1 ::1 GET /project/infocollection/index/checksubmited/index.html
[ log ] localhost/project/infocollection/index/checksubmited/index.html [运行时间：0.056888s][吞吐率：17.58req/s] [内存消耗：3,766.12kb] [文件加载：49]
[ info ] [ LANG ] D:\wamp64\www\project\infocollection\thinkphp\lang\zh-cn.php
[ info ] [ ROUTE ] array (
  'type' => 'module',
  'module' => 
  array (
    0 => 'index',
    1 => 'checksubmited',
    2 => 'index',
  ),
)
[ info ] [ HEADER ] array (
  'host' => 'localhost',
  'connection' => 'keep-alive',
  'upgrade-insecure-requests' => '1',
  'user-agent' => 'Mozilla/5.0 (Windows NT 10.0; Win64; x64) AppleWebKit/537.36 (KHTML, like Gecko) Chrome/57.0.2987.133 Safari/537.36',
  'accept' => 'text/html,application/xhtml+xml,application/xml;q=0.9,image/webp,*/*;q=0.8',
  'referer' => 'http://localhost/project/infocollection/index/accountmanage/admin.html',
  'accept-encoding' => 'gzip, deflate, sdch, br',
  'accept-language' => 'zh-CN,zh;q=0.8',
  'cookie' => 'Phpstorm-5547fa09=783ade7a-de49-4ae0-b7a2-0e4ea33c1bea; Phpstorm-bd2926e8=857be1c2-e28b-476d-b13e-3a6d848fae47; pgv_pvi=2761342976; _ga=GA1.1.1437015703.1490101787; adminname=root; adminid=1; superadmin=root',
)
[ info ] [ PARAM ] array (
)
[ info ] [ RUN ] app\index\controller\Checksubmited->index[ D:\wamp64\www\project\infocollection\application\index\controller\Checksubmited.php ]
[ info ] [ DB ] INIT mysql
[ info ] [ VIEW ] D:\wamp64\www\project\infocollection/application/index\view\checksubmited\index.html [ array (
  0 => 'tasks_list',
) ]
[ info ] [ DB ] INIT mysql
[ info ] [ DB ] INIT mysql
[ info ] [ DB ] INIT mysql
[ info ] [ DB ] INIT mysql
[ info ] [ DB ] INIT mysql
[ info ] [ DB ] INIT mysql
[ info ] [ DB ] INIT mysql
[ info ] [ LOG ] INIT File
[ sql ] [ DB ] CONNECT:[ UseTime:0.001606s ] mysql:dbname=infocollection;host=localhost;port=3306;charset=utf8
[ sql ] [ SQL ] SHOW COLUMNS FROM `task` [ RunTime:0.001188s ]
[ sql ] [ SQL ] SELECT COUNT(*) AS tp_count FROM `task` LIMIT 1 [ RunTime:0.000283s ]
[ sql ] [ SQL ] SELECT * FROM `task` ORDER BY id desc LIMIT 0,2 [ RunTime:0.000442s ]
[ sql ] [ DB ] CONNECT:[ UseTime:0.001363s ] mysql:dbname=infocollection;host=localhost;port=3306;charset=utf8
[ sql ] [ SQL ] SHOW COLUMNS FROM `table_data` [ RunTime:0.001138s ]
[ sql ] [ SQL ] SELECT * FROM `table_data` WHERE  `task_id` = 39 ORDER BY id desc [ RunTime:0.000620s ]
[ sql ] [ DB ] CONNECT:[ UseTime:0.001521s ] mysql:dbname=infocollection;host=localhost;port=3306;charset=utf8
[ sql ] [ SQL ] SHOW COLUMNS FROM `school` [ RunTime:0.000937s ]
[ sql ] [ SQL ] SELECT `schoolname` FROM `school` WHERE  `id` = 1 LIMIT 1 [ RunTime:0.000379s ]
[ sql ] [ DB ] CONNECT:[ UseTime:0.001491s ] mysql:dbname=infocollection;host=localhost;port=3306;charset=utf8
[ sql ] [ SQL ] SELECT `schoolname` FROM `school` WHERE  `id` = 1 LIMIT 1 [ RunTime:0.000517s ]
[ sql ] [ DB ] CONNECT:[ UseTime:0.001419s ] mysql:dbname=infocollection;host=localhost;port=3306;charset=utf8
[ sql ] [ SQL ] SELECT `schoolname` FROM `school` WHERE  `id` = 1 LIMIT 1 [ RunTime:0.000536s ]
[ sql ] [ DB ] CONNECT:[ UseTime:0.001333s ] mysql:dbname=infocollection;host=localhost;port=3306;charset=utf8
[ sql ] [ SQL ] SHOW COLUMNS FROM `form3` [ RunTime:0.001313s ]
[ sql ] [ SQL ] SELECT * FROM `form3` WHERE  `task_id` = 33 ORDER BY id desc [ RunTime:0.000676s ]
[ sql ] [ DB ] CONNECT:[ UseTime:0.001403s ] mysql:dbname=infocollection;host=localhost;port=3306;charset=utf8
[ sql ] [ SQL ] SELECT `schoolname` FROM `school` WHERE  `id` = 2 LIMIT 1 [ RunTime:0.000610s ]
[ sql ] [ DB ] CONNECT:[ UseTime:0.001581s ] mysql:dbname=infocollection;host=localhost;port=3306;charset=utf8
[ sql ] [ SQL ] SELECT `schoolname` FROM `school` WHERE  `id` = 1 LIMIT 1 [ RunTime:0.000513s ]

---------------------------------------------------------------
[ 2017-04-12T07:53:48+08:00 ] ::1 ::1 GET /project/infocollection/index/logout/index.html
[ log ] localhost/project/infocollection/index/logout/index.html [运行时间：0.028536s][吞吐率：35.04req/s] [内存消耗：1,724.09kb] [文件加载：37]
[ info ] [ LANG ] D:\wamp64\www\project\infocollection\thinkphp\lang\zh-cn.php
[ info ] [ ROUTE ] array (
  'type' => 'module',
  'module' => 
  array (
    0 => 'index',
    1 => 'logout',
    2 => 'index',
  ),
)
[ info ] [ HEADER ] array (
  'host' => 'localhost',
  'connection' => 'keep-alive',
  'upgrade-insecure-requests' => '1',
  'user-agent' => 'Mozilla/5.0 (Windows NT 10.0; Win64; x64) AppleWebKit/537.36 (KHTML, like Gecko) Chrome/57.0.2987.133 Safari/537.36',
  'accept' => 'text/html,application/xhtml+xml,application/xml;q=0.9,image/webp,*/*;q=0.8',
  'referer' => 'http://localhost/project/infocollection/index/checksubmited/index.html',
  'accept-encoding' => 'gzip, deflate, sdch, br',
  'accept-language' => 'zh-CN,zh;q=0.8',
  'cookie' => 'Phpstorm-5547fa09=783ade7a-de49-4ae0-b7a2-0e4ea33c1bea; Phpstorm-bd2926e8=857be1c2-e28b-476d-b13e-3a6d848fae47; pgv_pvi=2761342976; _ga=GA1.1.1437015703.1490101787; adminname=root; adminid=1; superadmin=root',
)
[ info ] [ PARAM ] array (
)
[ info ] [ RUN ] app\index\controller\Logout->index[ D:\wamp64\www\project\infocollection\application\index\controller\Logout.php ]
[ info ] [ LOG ] INIT File

---------------------------------------------------------------
[ 2017-04-12T07:53:48+08:00 ] ::1 ::1 GET /project/infocollection/index/login/index.html
[ log ] localhost/project/infocollection/index/login/index.html [运行时间：0.044780s][吞吐率：22.33req/s] [内存消耗：1,743.60kb] [文件加载：36]
[ info ] [ LANG ] D:\wamp64\www\project\infocollection\thinkphp\lang\zh-cn.php
[ info ] [ ROUTE ] array (
  'type' => 'module',
  'module' => 
  array (
    0 => 'index',
    1 => 'login',
    2 => 'index',
  ),
)
[ info ] [ HEADER ] array (
  'host' => 'localhost',
  'connection' => 'keep-alive',
  'upgrade-insecure-requests' => '1',
  'user-agent' => 'Mozilla/5.0 (Windows NT 10.0; Win64; x64) AppleWebKit/537.36 (KHTML, like Gecko) Chrome/57.0.2987.133 Safari/537.36',
  'accept' => 'text/html,application/xhtml+xml,application/xml;q=0.9,image/webp,*/*;q=0.8',
  'referer' => 'http://localhost/project/infocollection/index/checksubmited/index.html',
  'accept-encoding' => 'gzip, deflate, sdch, br',
  'accept-language' => 'zh-CN,zh;q=0.8',
  'cookie' => 'Phpstorm-5547fa09=783ade7a-de49-4ae0-b7a2-0e4ea33c1bea; Phpstorm-bd2926e8=857be1c2-e28b-476d-b13e-3a6d848fae47; pgv_pvi=2761342976; _ga=GA1.1.1437015703.1490101787',
)
[ info ] [ PARAM ] array (
)
[ info ] [ RUN ] app\index\controller\Login->index[ D:\wamp64\www\project\infocollection\application\index\controller\Login.php ]
[ info ] [ VIEW ] D:\wamp64\www\project\infocollection/application/index\view\login\index.html [ array (
) ]
[ info ] [ LOG ] INIT File

---------------------------------------------------------------
[ 2017-04-12T07:53:51+08:00 ] ::1 ::1 POST /project/infocollection/index/login/schoollogin.html
[ log ] localhost/project/infocollection/index/login/schoollogin.html [运行时间：0.032570s][吞吐率：30.70req/s] [内存消耗：2,970.33kb] [文件加载：45]
[ info ] [ LANG ] D:\wamp64\www\project\infocollection\thinkphp\lang\zh-cn.php
[ info ] [ ROUTE ] array (
  'type' => 'module',
  'module' => 
  array (
    0 => 'index',
    1 => 'login',
    2 => 'schoollogin',
  ),
)
[ info ] [ HEADER ] array (
  'host' => 'localhost',
  'connection' => 'keep-alive',
  'content-length' => '31',
  'cache-control' => 'max-age=0',
  'origin' => 'http://localhost',
  'upgrade-insecure-requests' => '1',
  'user-agent' => 'Mozilla/5.0 (Windows NT 10.0; Win64; x64) AppleWebKit/537.36 (KHTML, like Gecko) Chrome/57.0.2987.133 Safari/537.36',
  'content-type' => 'application/x-www-form-urlencoded',
  'accept' => 'text/html,application/xhtml+xml,application/xml;q=0.9,image/webp,*/*;q=0.8',
  'referer' => 'http://localhost/project/infocollection/index/login/index.html',
  'accept-encoding' => 'gzip, deflate, br',
  'accept-language' => 'zh-CN,zh;q=0.8',
  'cookie' => 'Phpstorm-5547fa09=783ade7a-de49-4ae0-b7a2-0e4ea33c1bea; Phpstorm-bd2926e8=857be1c2-e28b-476d-b13e-3a6d848fae47; pgv_pvi=2761342976; _ga=GA1.1.1437015703.1490101787',
)
[ info ] [ PARAM ] array (
  'schoolname' => 'root',
  'password' => '960921',
)
[ info ] [ RUN ] app\index\controller\Login->schoolLogin[ D:\wamp64\www\project\infocollection\application\index\controller\Login.php ]
[ info ] [ DB ] INIT mysql
[ info ] [ VIEW ] D:\wamp64\www\project\infocollection/application/index\view\public\dispatch_jump.html [ array (
  0 => 'code',
  1 => 'msg',
  2 => 'data',
  3 => 'url',
  4 => 'wait',
) ]
[ info ] [ LOG ] INIT File
[ sql ] [ DB ] CONNECT:[ UseTime:0.001776s ] mysql:dbname=infocollection;host=localhost;port=3306;charset=utf8
[ sql ] [ SQL ] SHOW COLUMNS FROM `school` [ RunTime:0.001081s ]
[ sql ] [ SQL ] SELECT * FROM `school` WHERE  `schoolname` = 'root' LIMIT 1 [ RunTime:0.000484s ]

---------------------------------------------------------------
